Jul 23 12:50 : ffmpeg/mov,mp4,m4a,3gp,3g2,mj2: Unknown cover type: 0x1.
Jul 23 12:50 : update: added rock/AC_DC - Back In Black (Official Video)(M4A_128K).m4a
Jul 23 12:50 : ffmpeg/mov,mp4,m4a,3gp,3g2,mj2: Unknown cover type: 0x1.
Jul 23 12:50 : update: added rock/AC_DC - Highway to Hell (Live At River Plate_ December 2009)(M4A_128K).m4a
Jul 23 12:50 : ffmpeg/mov,mp4,m4a,3gp,3g2,mj2: Unknown cover type: 0x1.
Jul 23 12:50 : update: added rock/BLACK SABBATH - _Paranoid_ (Official Video)(M4A_128K).m4a
Jul 23 12:50 : ffmpeg/mov,mp4,m4a,3gp,3g2,mj2: Unknown cover type: 0x1.
Jul 23 12:50 : update: added rock/AC_DC - Thunderstruck (Official Video)(M4A_128K).m4a
Jul 23 12:50 : ffmpeg/mov,mp4,m4a,3gp,3g2,mj2: Unknown cover type: 0x1.
Jul 23 12:50 : update: added rock/Master of Puppets (Remastered)(M4A_128K).m4a
Jul 23 12:50 : ffmpeg/mov,mp4,m4a,3gp,3g2,mj2: Unknown cover type: 0x1.
Jul 23 12:50 : update: added rock/Rob Zombie - Living Dead Girl(M4A_128K).m4a
Jul 23 12:50 : ffmpeg/mov,mp4,m4a,3gp,3g2,mj2: Unknown cover type: 0x1.
Jul 23 12:50 : update: added rock/Iron Man (2012 - Remaster)(M4A_128K).m4a
Jul 23 12:50 : ffmpeg/mov,mp4,m4a,3gp,3g2,mj2: Unknown cover type: 0x1.
Jul 23 12:50 : update: added rock/Korn - Y_all Want a Single(M4A_128K).m4a
Jul 23 12:50 : ffmpeg/mov,mp4,m4a,3gp,3g2,mj2: Unknown cover type: 0x1.
Jul 23 12:50 : update: added rock/Megadeth - Sweating Bullets (Official Music Video)(M4A_128K).m4a
Jul 23 12:50 : ffmpeg/mov,mp4,m4a,3gp,3g2,mj2: Unknown cover type: 0x1.
Jul 23 12:50 : update: added rock/Guns N_ Roses - Welcome To The Jungle(M4A_128K).m4a
Jul 23 12:50 : ffmpeg/mov,mp4,m4a,3gp,3g2,mj2: Unknown cover type: 0x1.
Jul 23 12:50 : update: added rock/Guns N_ Roses - Sweet Child O_ Mine (Official Music Video)(M4A_128K).m4a
Jul 23 12:50 : ffmpeg/mov,mp4,m4a,3gp,3g2,mj2: Unknown cover type: 0x1.
Jul 23 12:50 : update: added rock/Rob Zombie - Superbeast(M4A_128K).m4a
Jul 23 12:50 : ffmpeg/mov,mp4,m4a,3gp,3g2,mj2: Unknown cover type: 0x1.
Jul 23 12:50 : update: added rock/System Of A Down - B.Y.O.B. (Official HD Video)(M4A_128K).m4a
Jul 23 12:50 : ffmpeg/mov,mp4,m4a,3gp,3g2,mj2: Unknown cover type: 0x1.
Jul 23 12:50 : update: added rock/Yae Miko _ Yelan - João E Maria (Chico Buarque) _ AI PT-BR Cover(M4A_128K).m4a
Jul 23 12:50 : ffmpeg/mov,mp4,m4a,3gp,3g2,mj2: Unknown cover type: 0x1.
Jul 23 12:50 : update: added pagode/Alok _ Ava Max – Car Keys (Ayla) Official Video(M4A_128K).m4a
Jul 23 12:50 : ffmpeg/mov,mp4,m4a,3gp,3g2,mj2: Unknown cover type: 0x1.
Jul 23 12:50 : update: added pagode/Atitude 67 - Saideira(M4A_128K).m4a
Jul 23 12:50 : ffmpeg/mov,mp4,m4a,3gp,3g2,mj2: Unknown cover type: 0x1.
Jul 23 12:50 : update: added pagode/Akatu_ Revelação _ Vitinho -Complicado_Só por um momento_Pra ver o sol brilhar(Encontro de Gerações)(M4A_128K).m4a
Jul 23 12:50 : ffmpeg/mov,mp4,m4a,3gp,3g2,mj2: Unknown cover type: 0x1.
Jul 23 12:50 : update: added pagode/Bebe e Vem Me Procurar _ Quem Ama Sente Saudade (Ao Vivo) (Turma no Quintal)(M4A_128K).m4a
Jul 23 12:50 : ffmpeg/mov,mp4,m4a,3gp,3g2,mj2: Unknown cover type: 0x1.
Jul 23 12:50 : update: added pagode/Churrasquinho Menos é Mais 2 - Por Tão Pouco _ Pagando Mal com Mal _ Faz Falta(M4A_128K).m4a
Jul 23 12:50 : ffmpeg/mov,mp4,m4a,3gp,3g2,mj2: Unknown cover type: 0x1.
Jul 23 12:50 : update: added pagode/Deep Purple - Smoke on the Water (Audio)(M4A_128K).m4a
Jul 23 12:50 : update: added pagode/Domingo _ Out Door _ Essa Tal Liberdade _ Depois do Prazer (Ao Vivo) (Ao Vivo)(M4A_128K).m4a
Jul 23 12:50 : ffmpeg/mov,mp4,m4a,3gp,3g2,mj2: Unknown cover type: 0x1.
Jul 23 12:50 : update: added pagode/DVD PRAZER_ EU SOU FERRUGEM_ _PRA VOCÊ ACREDITAR_(M4A_128K).m4a
Jul 23 12:50 : ffmpeg/mov,mp4,m4a,3gp,3g2,mj2: Unknown cover type: 0x1.
Jul 23 12:50 : update: added pagode/DVD PRAZER_ EU SOU FERRUGEM_ _SINTO SUA FALTA_(M4A_128K).m4a
Jul 23 12:50 : ffmpeg/mov,mp4,m4a,3gp,3g2,mj2: Unknown cover type: 0x1.
Jul 23 12:50 : update: added pagode/Ferrugem - Eu Não Sou de Me Entregar (Clipe Oficial)(M4A_128K).m4a
Jul 23 12:50 : ffmpeg/mov,mp4,m4a,3gp,3g2,mj2: Unknown cover type: 0x1.
Jul 23 12:50 : update: added pagode/Harmonia do Samba feat. Anitta - Tic Nervoso (Clipe Oficial)(M4A_128K).m4a
Jul 23 12:50 : ffmpeg/mov,mp4,m4a,3gp,3g2,mj2: Unknown cover type: 0x1.
Jul 23 12:50 : update: added pagode/Hu Tao - João E Maria (Chico Buarque) _ AI PT-BR Cover(M4A_128K).m4a
Jul 23 12:50 : ffmpeg/mov,mp4,m4a,3gp,3g2,mj2: Unknown cover type: 0x1.
Jul 23 12:50 : update: added pagode/Klem_ DJ Coublon _ Fiokee - Odia (Live Performance)(M4A_128K).m4a
Jul 23 12:50 : ffmpeg/mov,mp4,m4a,3gp,3g2,mj2: Unknown cover type: 0x1.
Jul 23 12:50 : update: added pagode/Korn - Blind (Official HD Video)(M4A_128K).m4a
Jul 23 12:50 : ffmpeg/mov,mp4,m4a,3gp,3g2,mj2: Unknown cover type: 0x1.
Jul 23 12:50 : update: added pagode/LUDMILLA - Não É Por Maldade part. Bruno Cardoso_ Sorriso Maroto(M4A_128K).m4a
Jul 23 12:50 : ffmpeg/mov,mp4,m4a,3gp,3g2,mj2: Unknown cover type: 0x1.
Jul 23 12:50 : update: added pagode/Metallica_ Enter Sandman (Official Music Video)(M4A_128K).m4a
Jul 23 12:50 : ffmpeg/mov,mp4,m4a,3gp,3g2,mj2: Unknown cover type: 0x1.
Jul 23 12:50 : update: added pagode/Numanice Lud Session feat. Gloria Groove (Live)(M4A_128K).m4a
Jul 23 12:50 : ffmpeg/mov,mp4,m4a,3gp,3g2,mj2: Unknown cover type: 0x1.
Jul 23 12:50 : update: added pagode/Péricles - Linda Voz (Olá) Part. Lucas Morato (DVD Sensações)(M4A_128K).m4a
Jul 23 12:50 : ffmpeg/mov,mp4,m4a,3gp,3g2,mj2: Unknown cover type: 0x1.
Jul 23 12:50 : update: added pagode/Pixote - Insegurança - 15 Anos - Ao Vivo Em São Paulo(M4A_128K).m4a
Jul 23 12:50 : ffmpeg/mov,mp4,m4a,3gp,3g2,mj2: Unknown cover type: 0x1.
Jul 23 12:50 : update: added pagode/System Of A Down - Question_ (Official HD Video)(M4A_128K).m4a
Jul 23 12:50 : ffmpeg/mov,mp4,m4a,3gp,3g2,mj2: Unknown cover type: 0x1.
Jul 23 12:50 : update: added pagode/The Satanic Rites of Blacula(M4A_128K).m4a
Jul 23 12:50 : ffmpeg/mov,mp4,m4a,3gp,3g2,mj2: Unknown cover type: 0x1.
Jul 23 12:50 : update: added pagode/Turma do Pagode - Deixa em Off (XV Anos Ao Vivo)(M4A_128K).m4a
Jul 23 12:50 : ffmpeg/mov,mp4,m4a,3gp,3g2,mj2: Unknown cover type: 0x1.
Jul 23 12:50 : update: added pagode/Twisted Transistor(M4A_128K).m4a
Jul 23 12:50 : update: updating pagode/ANF Ain_t Never Fold - Buss It Down (Official Music Video)(M4A_128K).m4a
Jul 23 12:50 : ffmpeg/mov,mp4,m4a,3gp,3g2,mj2: Unknown cover type: 0x1.
Jul 23 12:50 : update: updating pagode/Arlindo Cruz - Meu Lugar (Ao Vivo)(M4A_128K).m4a
Jul 23 12:50 : ffmpeg/mov,mp4,m4a,3gp,3g2,mj2: Unknown cover type: 0x1.
Jul 23 12:50 : update: updating pagode/Atitude 67 - Cerveja De Garrafa (Fumaça Que Eu Faço)(M4A_128K).m4a
Jul 23 12:50 : ffmpeg/mov,mp4,m4a,3gp,3g2,mj2: Unknown cover type: 0x1.
Jul 23 12:50 : update: updating pagode/Belo - Perfume (Ao Vivo)(M4A_128K).m4a
Jul 23 12:50 : ffmpeg/mov,mp4,m4a,3gp,3g2,mj2: Unknown cover type: 0x1.
Jul 23 12:50 : update: updating pagode/Bom Gosto - Patricinha de Olho Azul (Ao Vivo)(M4A_128K).m4a
Jul 23 12:50 : ffmpeg/mov,mp4,m4a,3gp,3g2,mj2: Unknown cover type: 0x1.
Jul 23 12:50 : update: updating pagode/Calma Claudia - Jardel Queiroga(M4A_128K).m4a
Jul 23 12:50 : ffmpeg/mov,mp4,m4a,3gp,3g2,mj2: Unknown cover type: 0x1.
Jul 23 12:50 : update: updating pagode/Churrasquinho do Menos é Mais - Manda Áudio (part. Di Propósito)(M4A_128K).m4a
Jul 23 12:50 : ffmpeg/mov,mp4,m4a,3gp,3g2,mj2: Unknown cover type: 0x1.
Jul 23 12:50 : update: updating pagode/Churrasquinho do Menos é Mais - Melhor eu ir_Ligando os Fatos_Sonho de Amor_Deixa eu te querer(M4A_128K).m4a
Jul 23 12:50 : ffmpeg/mov,mp4,m4a,3gp,3g2,mj2: Unknown cover type: 0x1.
Jul 23 12:50 : update: updating pagode/Churrasquinho Menos é Mais 2 - Até Que Durou _ Tu Mandas no Meu Coração _ Adorei _ Supera(M4A_128K).m4a
Jul 23 12:50 : ffmpeg/mov,mp4,m4a,3gp,3g2,mj2: Unknown cover type: 0x1.
Jul 23 12:50 : update: updating pagode/Deixa Acontecer _ Coração Radiante _ Compasso Do Amor(M4A_128K).m4a
Jul 23 12:50 : ffmpeg/mov,mp4,m4a,3gp,3g2,mj2: Unknown cover type: 0x1.
Jul 23 12:50 : update: updating pagode/Dilsinho _ Luísa Sonza - Não Vai Embora(M4A_128K).m4a
Jul 23 12:50 : ffmpeg/mov,mp4,m4a,3gp,3g2,mj2: Unknown cover type: 0x1.
Jul 23 12:50 : update: updating pagode/Dilsinho - 12 Horas (Ao Vivo)(M4A_128K).m4a
Jul 23 12:50 : ffmpeg/mov,mp4,m4a,3gp,3g2,mj2: Unknown cover type: 0x1.
Jul 23 12:50 : update: updating pagode/Dilsinho - Péssimo Negócio (DVD Terra do Nunca Ao Vivo)(M4A_128K).m4a
Jul 23 12:50 : ffmpeg/mov,mp4,m4a,3gp,3g2,mj2: Unknown cover type: 0x1.
Jul 23 12:50 : update: updating pagode/Dilsinho - Pouco a Pouco (DVD Terra do Nunca Ao Vivo) ft. Sorriso Maroto(M4A_128K).m4a
Jul 23 12:50 : ffmpeg/mov,mp4,m4a,3gp,3g2,mj2: Unknown cover type: 0x1.
Jul 23 12:50 : update: updating pagode/Dilsinho - Refém (Áudio Oficial)(M4A_128K).m4a
Jul 23 12:50 : ffmpeg/mov,mp4,m4a,3gp,3g2,mj2: Unknown cover type: 0x1.
Jul 23 12:50 : update: updating pagode/Ferrugem - Até que Enfim _DVD Chão De Estrelas_ (CLIPE OFICIAL)(M4A_128K).m4a
Jul 23 12:50 : ffmpeg/mov,mp4,m4a,3gp,3g2,mj2: Unknown cover type: 0x1.
Jul 23 12:50 : update: updating pagode/Ferrugem - Sinto sua Falta_ É Natural_ Pra Você Acreditar e Pirata e Tesouro _DVD Chão De Estrelas_(M4A_128K).m4a
Jul 23 12:50 : ffmpeg/mov,mp4,m4a,3gp,3g2,mj2: Unknown cover type: 0x1.
Jul 23 12:50 : update: updating pagode/Ferrugem - Tá na Cara _DVD Chão De Estrelas_(M4A_128K).m4a
Jul 23 12:50 : ffmpeg/mov,mp4,m4a,3gp,3g2,mj2: Unknown cover type: 0x1.
Jul 23 12:50 : update: updating pagode/Dilsinho - Refém (Videoclipe)(M4A_128K).m4a
Jul 23 12:50 : ffmpeg/mov,mp4,m4a,3gp,3g2,mj2: Unknown cover type: 0x1.
Jul 23 12:50 : update: updating pagode/Diogo Nogueira - Pé Na Areia (Ao vivo)(M4A_128K).m4a
Jul 23 12:50 : ffmpeg/mov,mp4,m4a,3gp,3g2,mj2: Unknown cover type: 0x1.
Jul 23 12:50 : update: updating pagode/Grupo Revelação - Tá Escrito (Ao Vivo no Morro)(M4A_128K).m4a
Jul 23 12:50 : ffmpeg/mov,mp4,m4a,3gp,3g2,mj2: Unknown cover type: 0x1.
Jul 23 12:50 : update: updating pagode/Gigantes do Samba - É Tarde Demais (Ao Vivo)(M4A_128K).m4a
Jul 23 12:50 : ffmpeg/mov,mp4,m4a,3gp,3g2,mj2: Unknown cover type: 0x1.
Jul 23 12:50 : update: updating pagode/Ferrugem  - Paciência Part. Alcione (Clipe Oficial)(M4A_128K).m4a
Jul 23 12:50 : ffmpeg/mov,mp4,m4a,3gp,3g2,mj2: Unknown cover type: 0x1.
Jul 23 12:50 : update: updating pagode/DVD PRAZER_ EU SOU FERRUGEM_ _EU JURO_(M4A_128K).m4a
Jul 23 12:50 : ffmpeg/mov,mp4,m4a,3gp,3g2,mj2: Unknown cover type: 0x1.
Jul 23 12:50 : update: updating pagode/Grupo Revelação - Fala Baixinho (Shiii) - 360º Ao Vivo(M4A_128K).m4a
Jul 23 12:50 : ffmpeg/mov,mp4,m4a,3gp,3g2,mj2: Unknown cover type: 0x1.
Jul 23 12:50 : update: updating pagode/HOSH - Wanna Fly ft. Lovespeake(M4A_128K).m4a
Jul 23 12:50 : ffmpeg/mov,mp4,m4a,3gp,3g2,mj2: Unknown cover type: 0x1.
Jul 23 12:50 : update: updating pagode/King Von - Heartless (Official Visualizer) (feat. Tee Grizzley)(M4A_128K).m4a
Jul 23 12:50 : ffmpeg/mov,mp4,m4a,3gp,3g2,mj2: Unknown cover type: 0x1.
Jul 23 12:50 : update: updating pagode/Love Ghost x SKOLD- _Payback_ (official music video)(M4A_128K).m4a
Jul 23 12:50 : ffmpeg/mov,mp4,m4a,3gp,3g2,mj2: Unknown cover type: 0x1.
Jul 23 12:50 : update: updating pagode/LUDMILLA - Desse Jeito é Ruim Pra Mim _ Perfume _ Antes de Dizer Adeus(M4A_128K).m4a
Jul 23 12:50 : ffmpeg/mov,mp4,m4a,3gp,3g2,mj2: Unknown cover type: 0x1.
Jul 23 12:50 : update: updating pagode/Ludmilla feat. Delacruz - Cigana _ Numanice _2 Ao Vivo(M4A_128K).m4a
Jul 23 12:50 : ffmpeg/mov,mp4,m4a,3gp,3g2,mj2: Unknown cover type: 0x1.
Jul 23 12:50 : update: updating pagode/Mumuzinho - Fulminante (Ao Vivo)(M4A_128K).m4a
Jul 23 12:50 : ffmpeg/mov,mp4,m4a,3gp,3g2,mj2: Unknown cover type: 0x1.
Jul 23 12:50 : update: updating pagode/Mumuzinho - Mande Um Sinal _ Calma _ Dom De Sonhar(M4A_128K).m4a
Jul 23 12:50 : ffmpeg/mov,mp4,m4a,3gp,3g2,mj2: Unknown cover type: 0x1.
Jul 23 12:50 : update: updating pagode/My Ordinary Life-The Living Tombstone(M4A_128K).m4a
Jul 23 12:50 : ffmpeg/mov,mp4,m4a,3gp,3g2,mj2: Unknown cover type: 0x1.
Jul 23 12:50 : update: updating pagode/Os Travessos - Sonhos e planos (20 Anos - Ao vivo)(M4A_128K).m4a
Jul 23 12:50 : ffmpeg/mov,mp4,m4a,3gp,3g2,mj2: Unknown cover type: 0x1.
Jul 23 12:50 : update: updating pagode/PÉRICLES - ATÉ QUE DUROU (AO VIVO) - VÍDEO OFICIAL(M4A_128K).m4a
Jul 23 12:50 : ffmpeg/mov,mp4,m4a,3gp,3g2,mj2: Unknown cover type: 0x1.
Jul 23 12:50 : update: updating pagode/Péricles - Final de Tarde (DVD NOS ARCOS DA LAPA) _ Oficial HD(M4A_128K).m4a
Jul 23 12:50 : ffmpeg/mov,mp4,m4a,3gp,3g2,mj2: Unknown cover type: 0x1.
Jul 23 12:50 : update: updating pagode/Péricles - Se Eu Largar o Freio (DVD NOS ARCOS DA LAPA) _ Oficial HD(M4A_128K).m4a
Jul 23 12:50 : ffmpeg/mov,mp4,m4a,3gp,3g2,mj2: Unknown cover type: 0x1.
Jul 23 12:50 : update: updating pagode/Pixote - Nem de Graça _ Saudade Arregaça (Ao Vivo) - DVD Fã de Carteirinha Sunset(M4A_128K).m4a
Jul 23 12:50 : ffmpeg/mov,mp4,m4a,3gp,3g2,mj2: Unknown cover type: 0x1.
Jul 23 12:50 : update: updating pagode/Pixote - Nem de Graça (Lyric Vídeo)(M4A_128K).m4a
Jul 23 12:50 : ffmpeg/mov,mp4,m4a,3gp,3g2,mj2: Unknown cover type: 0x1.
Jul 23 12:50 : update: updating pagode/Pretexto (Clipe Ao Vivo)(M4A_128K).m4a
Jul 23 12:50 : ffmpeg/mov,mp4,m4a,3gp,3g2,mj2: Unknown cover type: 0x1.
Jul 23 12:50 : update: updating pagode/REASON - You Betta (Jesus Take The Wheel) [Official Video](M4A_128K).m4a
Jul 23 12:50 : ffmpeg/mov,mp4,m4a,3gp,3g2,mj2: Unknown cover type: 0x1.
Jul 23 12:50 : update: updating pagode/SET DA TREND - REMINISCE (Official Video)(M4A_128K).m4a
Jul 23 12:50 : ffmpeg/mov,mp4,m4a,3gp,3g2,mj2: Unknown cover type: 0x1.
Jul 23 12:50 : update: updating pagode/Só Pra Contrariar - Que Se Chama Amor (Ao Vivo)(M4A_128K).m4a
Jul 23 12:50 : ffmpeg/mov,mp4,m4a,3gp,3g2,mj2: Unknown cover type: 0x1.
Jul 23 12:50 : update: updating pagode/Sorriso Maroto - Brigas por nada (Part. Coral Resgate) [DVD Sorriso 15 Anos](M4A_128K).m4a
Jul 23 12:50 : ffmpeg/mov,mp4,m4a,3gp,3g2,mj2: Unknown cover type: 0x1.
Jul 23 12:50 : update: updating pagode/Sorriso Maroto - Clichê (Ao Vivo No Recife)(M4A_128K).m4a
Jul 23 12:50 : ffmpeg/mov,mp4,m4a,3gp,3g2,mj2: Unknown cover type: 0x1.
Jul 23 12:50 : update: updating pagode/Sorriso Maroto - Faz Assim_A primeira namorada_Não tem perdão [DVD Sorriso 15 Anos](M4A_128K).m4a
Jul 23 12:50 : ffmpeg/mov,mp4,m4a,3gp,3g2,mj2: Unknown cover type: 0x1.
Jul 23 12:50 : update: updating pagode/Sorriso Maroto - Sinais (Ao Vivo No Recife)(M4A_128K).m4a
Jul 23 12:50 : ffmpeg/mov,mp4,m4a,3gp,3g2,mj2: Unknown cover type: 0x1.
Jul 23 12:50 : update: updating pagode/Sorriso Maroto - Vai e chora (DVD Sorriso Eu Gosto)(M4A_128K).m4a
Jul 23 12:50 : ffmpeg/mov,mp4,m4a,3gp,3g2,mj2: Unknown cover type: 0x1.
Jul 23 12:50 : update: updating pagode/Thiaguinho - Falta Você (Infinito Vol. 2) [Vídeo Oficial](M4A_128K).m4a
Jul 23 12:50 : ffmpeg/mov,mp4,m4a,3gp,3g2,mj2: Unknown cover type: 0x1.
Jul 23 12:50 : update: updating pagode/Toby Grey - Yolo (Lyric Video)(M4A_128K).m4a
Jul 23 12:50 : ffmpeg/mov,mp4,m4a,3gp,3g2,mj2: Unknown cover type: 0x1.
Jul 23 12:50 : update: updating pagode/Turma do Pagode - A Gente Tem Tudo a Ver ((O Som das Multidões Ao Vivo) [Clipe Oficial])(M4A_128K).m4a
Jul 23 12:50 : ffmpeg/mov,mp4,m4a,3gp,3g2,mj2: Unknown cover type: 0x1.
Jul 23 12:50 : update: updating pagode/Turma do Pagode - Lancinho ((O Som das Multidões Ao Vivo) [Clipe Oficial])(M4A_128K).m4a
Jul 23 12:50 : ffmpeg/mov,mp4,m4a,3gp,3g2,mj2: Unknown cover type: 0x1.
Jul 23 12:55 : ffmpeg/mov,mp4,m4a,3gp,3g2,mj2: Unknown cover type: 0x1.
Jul 23 12:55 : ffmpeg/mov,mp4,m4a,3gp,3g2,mj2: Unknown cover type: 0x1.
Jul 23 12:56 : ffmpeg/mov,mp4,m4a,3gp,3g2,mj2: Unknown cover type: 0x1.
Jul 23 13:03 : exception: Failed to decode /home/mrh/Music/Akatu_ Revelação _ Vitinho -Complicado_Só por um momento_Pra ver o sol brilhar(Encontro de Gerações)(M4A_128K).m4a; Failed to open '/home/mrh/Music/Akatu_ Revelação _ Vitinho -Complicado_Só por um momento_Pra ver o sol brilhar(Encontro de Gerações)(M4A_128K).m4a': No such file or directory
Jul 23 13:03 : player: played "rock/AC_DC - Back In Black (Official Video)(M4A_128K).m4a"
Jul 23 13:03 : player: played "Akatu_ Revelação _ Vitinho -Complicado_Só por um momento_Pra ver o sol brilhar(Encontro de Gerações)(M4A_128K).m4a"
Jul 23 13:03 : exception: Failed to decode /home/mrh/Music/Akatu_ Revelação _ Vitinho -Complicado_Só por um momento_Pra ver o sol brilhar(Encontro de Gerações)(M4A_128K).m4a; Failed to open '/home/mrh/Music/Akatu_ Revelação _ Vitinho -Complicado_Só por um momento_Pra ver o sol brilhar(Encontro de Gerações)(M4A_128K).m4a': No such file or directory
Jul 23 13:03 : ffmpeg/mov,mp4,m4a,3gp,3g2,mj2: Unknown cover type: 0x1.
Jul 23 13:03 : player: played "Akatu_ Revelação _ Vitinho -Complicado_Só por um momento_Pra ver o sol brilhar(Encontro de Gerações)(M4A_128K).m4a"
Jul 23 13:06 : ffmpeg/mov,mp4,m4a,3gp,3g2,mj2: Unknown cover type: 0x1.
Jul 23 13:06 : player: played "rock/Rob Zombie - Living Dead Girl(M4A_128K).m4a"
Jul 23 13:13 : player: played "pagode/Akatu_ Revelação _ Vitinho -Complicado_Só por um momento_Pra ver o sol brilhar(Encontro de Gerações)(M4A_128K).m4a"
Jul 23 13:31 : ffmpeg/mov,mp4,m4a,3gp,3g2,mj2: Unknown cover type: 0x1.
Jul 23 13:35 : ffmpeg/mov,mp4,m4a,3gp,3g2,mj2: Unknown cover type: 0x1.
Jul 23 13:35 : player: played "rock/Yae Miko _ Yelan - João E Maria (Chico Buarque) _ AI PT-BR Cover(M4A_128K).m4a"
Jul 23 13:35 : ffmpeg/mov,mp4,m4a,3gp,3g2,mj2: Unknown cover type: 0x1.
Jul 23 13:38 : ffmpeg/mov,mp4,m4a,3gp,3g2,mj2: Unknown cover type: 0x1.
Jul 23 13:38 : player: played "rock/Yae Miko _ Yelan - João E Maria (Chico Buarque) _ AI PT-BR Cover(M4A_128K).m4a"
Jul 23 13:39 : ffmpeg/mov,mp4,m4a,3gp,3g2,mj2: Unknown cover type: 0x1.
Jul 23 13:42 : exception: Failed to decode /home/mrh/Music/Akatu_ Revelação _ Vitinho -Complicado_Só por um momento_Pra ver o sol brilhar(Encontro de Gerações)(M4A_128K).m4a; Failed to open '/home/mrh/Music/Akatu_ Revelação _ Vitinho -Complicado_Só por um momento_Pra ver o sol brilhar(Encontro de Gerações)(M4A_128K).m4a': No such file or directory
Jul 23 13:42 : player: played "rock/Yae Miko _ Yelan - João E Maria (Chico Buarque) _ AI PT-BR Cover(M4A_128K).m4a"
Jul 23 13:42 : player: played "Akatu_ Revelação _ Vitinho -Complicado_Só por um momento_Pra ver o sol brilhar(Encontro de Gerações)(M4A_128K).m4a"
Jul 23 13:42 : exception: Failed to decode /home/mrh/Music/Akatu_ Revelação _ Vitinho -Complicado_Só por um momento_Pra ver o sol brilhar(Encontro de Gerações)(M4A_128K).m4a; Failed to open '/home/mrh/Music/Akatu_ Revelação _ Vitinho -Complicado_Só por um momento_Pra ver o sol brilhar(Encontro de Gerações)(M4A_128K).m4a': No such file or directory
Jul 23 13:42 : player: played "Akatu_ Revelação _ Vitinho -Complicado_Só por um momento_Pra ver o sol brilhar(Encontro de Gerações)(M4A_128K).m4a"
Jul 23 13:42 : ffmpeg/mov,mp4,m4a,3gp,3g2,mj2: Unknown cover type: 0x1.
Jul 23 13:49 : ffmpeg/mov,mp4,m4a,3gp,3g2,mj2: Unknown cover type: 0x1.
Jul 23 13:49 : player: played "pagode/Akatu_ Revelação _ Vitinho -Complicado_Só por um momento_Pra ver o sol brilhar(Encontro de Gerações)(M4A_128K).m4a"
Jul 23 13:52 : ffmpeg/mov,mp4,m4a,3gp,3g2,mj2: Unknown cover type: 0x1.
Jul 23 13:52 : player: played "rock/Rob Zombie - Living Dead Girl(M4A_128K).m4a"
Jul 23 13:55 : ffmpeg/mov,mp4,m4a,3gp,3g2,mj2: Unknown cover type: 0x1.
Jul 23 13:58 : ffmpeg/mov,mp4,m4a,3gp,3g2,mj2: Unknown cover type: 0x1.
Jul 23 14:01 : ffmpeg/mov,mp4,m4a,3gp,3g2,mj2: Unknown cover type: 0x1.
Jul 23 14:01 : player: played "pagode/Hu Tao - João E Maria (Chico Buarque) _ AI PT-BR Cover(M4A_128K).m4a"
Jul 23 14:04 : ffmpeg/mov,mp4,m4a,3gp,3g2,mj2: Unknown cover type: 0x1.
Jul 23 14:04 : player: played "pagode/Hu Tao - João E Maria (Chico Buarque) _ AI PT-BR Cover(M4A_128K).m4a"
Jul 23 14:07 : ffmpeg/mov,mp4,m4a,3gp,3g2,mj2: Unknown cover type: 0x1.
Jul 23 14:08 : player: played "pagode/Hu Tao - João E Maria (Chico Buarque) _ AI PT-BR Cover(M4A_128K).m4a"
Jul 23 14:11 : ffmpeg/mov,mp4,m4a,3gp,3g2,mj2: Unknown cover type: 0x1.
Jul 23 14:11 : player: played "pagode/Hu Tao - João E Maria (Chico Buarque) _ AI PT-BR Cover(M4A_128K).m4a"
Jul 23 14:14 : ffmpeg/mov,mp4,m4a,3gp,3g2,mj2: Unknown cover type: 0x1.
Jul 23 14:14 : player: played "pagode/Hu Tao - João E Maria (Chico Buarque) _ AI PT-BR Cover(M4A_128K).m4a"
Jul 23 14:17 : ffmpeg/mov,mp4,m4a,3gp,3g2,mj2: Unknown cover type: 0x1.
Jul 23 14:17 : player: played "pagode/Hu Tao - João E Maria (Chico Buarque) _ AI PT-BR Cover(M4A_128K).m4a"
Jul 23 18:37 : ffmpeg/mov,mp4,m4a,3gp,3g2,mj2: Unknown cover type: 0x1.
Jul 23 18:39 : player: played "rock/Yae Miko _ Yelan - João E Maria (Chico Buarque) _ AI PT-BR Cover(M4A_128K).m4a"
Jul 23 18:39 : ffmpeg/mov,mp4,m4a,3gp,3g2,mj2: Unknown cover type: 0x1.
Jul 23 18:42 : ffmpeg/mov,mp4,m4a,3gp,3g2,mj2: Unknown cover type: 0x1.
Jul 23 18:42 : player: played "rock/Yae Miko _ Yelan - João E Maria (Chico Buarque) _ AI PT-BR Cover(M4A_128K).m4a"
Jul 23 18:45 : ffmpeg/mov,mp4,m4a,3gp,3g2,mj2: Unknown cover type: 0x1.
Jul 23 18:46 : player: played "rock/Yae Miko _ Yelan - João E Maria (Chico Buarque) _ AI PT-BR Cover(M4A_128K).m4a"
Jul 23 18:46 : update: removing Akatu_ Revelação _ Vitinho -Complicado_Só por um momento_Pra ver o sol brilhar(Encontro de Gerações)(M4A_128K).m4a
Jul 23 18:49 : ffmpeg/mov,mp4,m4a,3gp,3g2,mj2: Unknown cover type: 0x1.
Jul 23 18:50 : ffmpeg/mov,mp4,m4a,3gp,3g2,mj2: Unknown cover type: 0x1.
Jul 23 18:53 : ffmpeg/mov,mp4,m4a,3gp,3g2,mj2: Unknown cover type: 0x1.
Jul 23 18:54 : player: played "pagode/Hu Tao - João E Maria (Chico Buarque) _ AI PT-BR Cover(M4A_128K).m4a"
Jul 23 18:56 : output: Failed to play on "pulse audio" (pulse): suspended
Jul 23 18:57 : ffmpeg/mov,mp4,m4a,3gp,3g2,mj2: Unknown cover type: 0x1.
Jul 23 18:57 : player: played "pagode/Hu Tao - João E Maria (Chico Buarque) _ AI PT-BR Cover(M4A_128K).m4a"
Jul 23 18:58 : output: Failed to play on "pulse audio" (pulse): suspended
Jul 23 19:00 : ffmpeg/mov,mp4,m4a,3gp,3g2,mj2: Unknown cover type: 0x1.
Jul 23 19:00 : player: played "pagode/Hu Tao - João E Maria (Chico Buarque) _ AI PT-BR Cover(M4A_128K).m4a"
Jul 23 19:03 : ffmpeg/mov,mp4,m4a,3gp,3g2,mj2: Unknown cover type: 0x1.
Jul 23 19:04 : player: played "pagode/Hu Tao - João E Maria (Chico Buarque) _ AI PT-BR Cover(M4A_128K).m4a"
Jul 23 19:07 : ffmpeg/mov,mp4,m4a,3gp,3g2,mj2: Unknown cover type: 0x1.
Jul 23 19:07 : player: played "pagode/Hu Tao - João E Maria (Chico Buarque) _ AI PT-BR Cover(M4A_128K).m4a"
Jul 23 19:10 : ffmpeg/mov,mp4,m4a,3gp,3g2,mj2: Unknown cover type: 0x1.
Jul 23 19:10 : player: played "pagode/Hu Tao - João E Maria (Chico Buarque) _ AI PT-BR Cover(M4A_128K).m4a"
Jul 23 19:14 : ffmpeg/mov,mp4,m4a,3gp,3g2,mj2: Unknown cover type: 0x1.
Jul 23 19:14 : player: played "pagode/Hu Tao - João E Maria (Chico Buarque) _ AI PT-BR Cover(M4A_128K).m4a"
Jul 23 19:17 : ffmpeg/mov,mp4,m4a,3gp,3g2,mj2: Unknown cover type: 0x1.
Jul 23 19:17 : player: played "pagode/Hu Tao - João E Maria (Chico Buarque) _ AI PT-BR Cover(M4A_128K).m4a"
Jul 23 19:20 : output: Failed to play on "pulse audio" (pulse): suspended
Jul 23 19:20 : ffmpeg/mov,mp4,m4a,3gp,3g2,mj2: Unknown cover type: 0x1.
Jul 23 19:20 : player: played "pagode/Hu Tao - João E Maria (Chico Buarque) _ AI PT-BR Cover(M4A_128K).m4a"
Jul 23 19:24 : ffmpeg/mov,mp4,m4a,3gp,3g2,mj2: Unknown cover type: 0x1.
Jul 23 19:24 : player: played "pagode/Hu Tao - João E Maria (Chico Buarque) _ AI PT-BR Cover(M4A_128K).m4a"
Jul 23 19:27 : ffmpeg/mov,mp4,m4a,3gp,3g2,mj2: Unknown cover type: 0x1.
Jul 23 19:27 : player: played "pagode/Hu Tao - João E Maria (Chico Buarque) _ AI PT-BR Cover(M4A_128K).m4a"
Jul 23 19:30 : ffmpeg/mov,mp4,m4a,3gp,3g2,mj2: Unknown cover type: 0x1.
Jul 23 19:30 : player: played "pagode/Hu Tao - João E Maria (Chico Buarque) _ AI PT-BR Cover(M4A_128K).m4a"
Jul 23 19:34 : ffmpeg/mov,mp4,m4a,3gp,3g2,mj2: Unknown cover type: 0x1.
Jul 23 19:34 : player: played "pagode/Hu Tao - João E Maria (Chico Buarque) _ AI PT-BR Cover(M4A_128K).m4a"
Jul 23 19:37 : ffmpeg/mov,mp4,m4a,3gp,3g2,mj2: Unknown cover type: 0x1.
Jul 23 19:37 : player: played "pagode/Hu Tao - João E Maria (Chico Buarque) _ AI PT-BR Cover(M4A_128K).m4a"
Jul 23 19:40 : ffmpeg/mov,mp4,m4a,3gp,3g2,mj2: Unknown cover type: 0x1.
Jul 23 19:40 : player: played "pagode/Hu Tao - João E Maria (Chico Buarque) _ AI PT-BR Cover(M4A_128K).m4a"
Jul 23 19:44 : ffmpeg/mov,mp4,m4a,3gp,3g2,mj2: Unknown cover type: 0x1.
Jul 23 19:44 : player: played "pagode/Hu Tao - João E Maria (Chico Buarque) _ AI PT-BR Cover(M4A_128K).m4a"
Jul 23 19:47 : ffmpeg/mov,mp4,m4a,3gp,3g2,mj2: Unknown cover type: 0x1.
Jul 23 19:47 : player: played "pagode/Hu Tao - João E Maria (Chico Buarque) _ AI PT-BR Cover(M4A_128K).m4a"
Jul 23 19:50 : ffmpeg/mov,mp4,m4a,3gp,3g2,mj2: Unknown cover type: 0x1.
Jul 23 19:55 : player: played "rock/AC_DC - Back In Black (Official Video)(M4A_128K).m4a"
Jul 23 19:59 : ffmpeg/mov,mp4,m4a,3gp,3g2,mj2: Unknown cover type: 0x1.
Jul 23 20:01 : ffmpeg/mov,mp4,m4a,3gp,3g2,mj2: Unknown cover type: 0x1.
Jul 23 20:01 : player: played "rock/BLACK SABBATH - _Paranoid_ (Official Video)(M4A_128K).m4a"
Jul 23 20:07 : ffmpeg/mov,mp4,m4a,3gp,3g2,mj2: Unknown cover type: 0x1.
Jul 23 20:07 : player: played "pagode/Pixote - Nem de Graça _ Saudade Arregaça (Ao Vivo) - DVD Fã de Carteirinha Sunset(M4A_128K).m4a"
Jul 23 20:10 : ffmpeg/mov,mp4,m4a,3gp,3g2,mj2: Unknown cover type: 0x1.
Jul 23 20:11 : player: played "pagode/Hu Tao - João E Maria (Chico Buarque) _ AI PT-BR Cover(M4A_128K).m4a"
Jul 23 20:15 : player: played "rock/AC_DC - Back In Black (Official Video)(M4A_128K).m4a"
Jul 23 21:36 : ffmpeg/mov,mp4,m4a,3gp,3g2,mj2: Unknown cover type: 0x1.
Jul 23 21:42 : ffmpeg/mov,mp4,m4a,3gp,3g2,mj2: Unknown cover type: 0x1.
Jul 23 21:42 : ffmpeg/mov,mp4,m4a,3gp,3g2,mj2: Unknown cover type: 0x1.
Jul 23 21:45 : ffmpeg/mov,mp4,m4a,3gp,3g2,mj2: Unknown cover type: 0x1.
Jul 23 21:45 : player: played "rock/Yae Miko _ Yelan - João E Maria (Chico Buarque) _ AI PT-BR Cover(M4A_128K).m4a"
Jul 23 21:50 : ffmpeg/mov,mp4,m4a,3gp,3g2,mj2: Unknown cover type: 0x1.
Jul 23 21:50 : player: played "rock/AC_DC - Thunderstruck (Official Video)(M4A_128K).m4a"
Jul 23 21:53 : ffmpeg/mov,mp4,m4a,3gp,3g2,mj2: Unknown cover type: 0x1.
Jul 23 21:53 : player: played "rock/BLACK SABBATH - _Paranoid_ (Official Video)(M4A_128K).m4a"
Jul 23 21:58 : ffmpeg/mov,mp4,m4a,3gp,3g2,mj2: Unknown cover type: 0x1.
Jul 23 21:59 : player: played "pagode/Pixote - Nem de Graça _ Saudade Arregaça (Ao Vivo) - DVD Fã de Carteirinha Sunset(M4A_128K).m4a"
Jul 23 22:02 : ffmpeg/mov,mp4,m4a,3gp,3g2,mj2: Unknown cover type: 0x1.
Jul 23 22:02 : player: played "pagode/Hu Tao - João E Maria (Chico Buarque) _ AI PT-BR Cover(M4A_128K).m4a"
Jul 23 22:06 : ffmpeg/mov,mp4,m4a,3gp,3g2,mj2: Unknown cover type: 0x1.
Jul 23 22:06 : player: played "rock/AC_DC - Back In Black (Official Video)(M4A_128K).m4a"
Jul 23 22:12 : ffmpeg/mov,mp4,m4a,3gp,3g2,mj2: Unknown cover type: 0x1.
Jul 23 22:12 : player: played "rock/Iron Man (2012 - Remaster)(M4A_128K).m4a"
Jul 23 22:16 : player: played "rock/System Of A Down - B.Y.O.B. (Official HD Video)(M4A_128K).m4a"
Jul 23 23:25 : ffmpeg/mov,mp4,m4a,3gp,3g2,mj2: Unknown cover type: 0x1.
Jul 23 23:28 : ffmpeg/mov,mp4,m4a,3gp,3g2,mj2: Unknown cover type: 0x1.
Jul 23 23:28 : player: played "rock/Yae Miko _ Yelan - João E Maria (Chico Buarque) _ AI PT-BR Cover(M4A_128K).m4a"
Jul 23 23:32 : ffmpeg/mov,mp4,m4a,3gp,3g2,mj2: Unknown cover type: 0x1.
Jul 23 23:32 : player: played "rock/Yae Miko _ Yelan - João E Maria (Chico Buarque) _ AI PT-BR Cover(M4A_128K).m4a"
Jul 23 23:35 : ffmpeg/mov,mp4,m4a,3gp,3g2,mj2: Unknown cover type: 0x1.
Jul 23 23:35 : player: played "rock/Yae Miko _ Yelan - João E Maria (Chico Buarque) _ AI PT-BR Cover(M4A_128K).m4a"
Jul 23 23:38 : ffmpeg/mov,mp4,m4a,3gp,3g2,mj2: Unknown cover type: 0x1.
Jul 23 23:38 : player: played "rock/Yae Miko _ Yelan - João E Maria (Chico Buarque) _ AI PT-BR Cover(M4A_128K).m4a"
Jul 23 23:42 : ffmpeg/mov,mp4,m4a,3gp,3g2,mj2: Unknown cover type: 0x1.
Jul 23 23:42 : player: played "rock/Yae Miko _ Yelan - João E Maria (Chico Buarque) _ AI PT-BR Cover(M4A_128K).m4a"
Jul 23 23:45 : ffmpeg/mov,mp4,m4a,3gp,3g2,mj2: Unknown cover type: 0x1.
Jul 23 23:45 : player: played "rock/Yae Miko _ Yelan - João E Maria (Chico Buarque) _ AI PT-BR Cover(M4A_128K).m4a"
Jul 23 23:48 : ffmpeg/mov,mp4,m4a,3gp,3g2,mj2: Unknown cover type: 0x1.
Jul 23 23:52 : ffmpeg/mov,mp4,m4a,3gp,3g2,mj2: Unknown cover type: 0x1.
Jul 23 23:52 : player: played "rock/System Of A Down - B.Y.O.B. (Official HD Video)(M4A_128K).m4a"
Jul 23 23:57 : ffmpeg/mov,mp4,m4a,3gp,3g2,mj2: Unknown cover type: 0x1.
Jul 23 23:57 : player: played "rock/System Of A Down - B.Y.O.B. (Official HD Video)(M4A_128K).m4a"
Jul 24 00:01 : ffmpeg/mov,mp4,m4a,3gp,3g2,mj2: Unknown cover type: 0x1.
Jul 24 00:01 : player: played "rock/System Of A Down - B.Y.O.B. (Official HD Video)(M4A_128K).m4a"
Jul 24 00:05 : ffmpeg/mov,mp4,m4a,3gp,3g2,mj2: Unknown cover type: 0x1.
Jul 24 00:05 : player: played "rock/System Of A Down - B.Y.O.B. (Official HD Video)(M4A_128K).m4a"
Jul 24 00:10 : ffmpeg/mov,mp4,m4a,3gp,3g2,mj2: Unknown cover type: 0x1.
Jul 24 00:10 : player: played "rock/System Of A Down - B.Y.O.B. (Official HD Video)(M4A_128K).m4a"
Jul 24 00:14 : ffmpeg/mov,mp4,m4a,3gp,3g2,mj2: Unknown cover type: 0x1.
Jul 24 00:14 : player: played "rock/System Of A Down - B.Y.O.B. (Official HD Video)(M4A_128K).m4a"
Jul 24 00:18 : ffmpeg/mov,mp4,m4a,3gp,3g2,mj2: Unknown cover type: 0x1.
Jul 24 00:19 : player: played "rock/System Of A Down - B.Y.O.B. (Official HD Video)(M4A_128K).m4a"
Jul 24 00:23 : ffmpeg/mov,mp4,m4a,3gp,3g2,mj2: Unknown cover type: 0x1.
Jul 24 00:23 : player: played "rock/System Of A Down - B.Y.O.B. (Official HD Video)(M4A_128K).m4a"
Jul 24 00:27 : ffmpeg/mov,mp4,m4a,3gp,3g2,mj2: Unknown cover type: 0x1.
Jul 24 00:27 : player: played "rock/System Of A Down - B.Y.O.B. (Official HD Video)(M4A_128K).m4a"
Jul 24 00:32 : ffmpeg/mov,mp4,m4a,3gp,3g2,mj2: Unknown cover type: 0x1.
Jul 24 00:32 : player: played "rock/System Of A Down - B.Y.O.B. (Official HD Video)(M4A_128K).m4a"
Jul 24 00:32 : player: played "rock/System Of A Down - B.Y.O.B. (Official HD Video)(M4A_128K).m4a"
Jul 24 16:32 : ffmpeg/mov,mp4,m4a,3gp,3g2,mj2: Unknown cover type: 0x1.
Jul 24 16:38 : ffmpeg/mov,mp4,m4a,3gp,3g2,mj2: Unknown cover type: 0x1.
Jul 24 16:38 : player: played "rock/Iron Man (2012 - Remaster)(M4A_128K).m4a"
Jul 24 16:44 : ffmpeg/mov,mp4,m4a,3gp,3g2,mj2: Unknown cover type: 0x1.
Jul 24 16:44 : player: played "rock/Iron Man (2012 - Remaster)(M4A_128K).m4a"
Jul 24 16:49 : ffmpeg/mov,mp4,m4a,3gp,3g2,mj2: Unknown cover type: 0x1.
Jul 24 16:50 : player: played "rock/Iron Man (2012 - Remaster)(M4A_128K).m4a"
Jul 24 16:55 : ffmpeg/mov,mp4,m4a,3gp,3g2,mj2: Unknown cover type: 0x1.
Jul 24 16:56 : player: played "rock/Iron Man (2012 - Remaster)(M4A_128K).m4a"
Jul 24 17:01 : ffmpeg/mov,mp4,m4a,3gp,3g2,mj2: Unknown cover type: 0x1.
Jul 24 17:01 : player: played "rock/Iron Man (2012 - Remaster)(M4A_128K).m4a"
Jul 24 17:07 : ffmpeg/mov,mp4,m4a,3gp,3g2,mj2: Unknown cover type: 0x1.
Jul 24 17:07 : player: played "rock/Iron Man (2012 - Remaster)(M4A_128K).m4a"
Jul 24 17:13 : ffmpeg/mov,mp4,m4a,3gp,3g2,mj2: Unknown cover type: 0x1.
Jul 24 17:13 : player: played "rock/Iron Man (2012 - Remaster)(M4A_128K).m4a"
Jul 24 17:19 : ffmpeg/mov,mp4,m4a,3gp,3g2,mj2: Unknown cover type: 0x1.
Jul 24 17:19 : player: played "rock/Iron Man (2012 - Remaster)(M4A_128K).m4a"
Jul 24 17:25 : ffmpeg/mov,mp4,m4a,3gp,3g2,mj2: Unknown cover type: 0x1.
Jul 24 17:25 : player: played "rock/Iron Man (2012 - Remaster)(M4A_128K).m4a"
Jul 24 17:26 : ffmpeg/mov,mp4,m4a,3gp,3g2,mj2: Unknown cover type: 0x1.
Jul 24 17:30 : ffmpeg/mov,mp4,m4a,3gp,3g2,mj2: Unknown cover type: 0x1.
Jul 24 17:30 : player: played "rock/Iron Man (2012 - Remaster)(M4A_128K).m4a"
Jul 24 17:36 : ffmpeg/mov,mp4,m4a,3gp,3g2,mj2: Unknown cover type: 0x1.
Jul 24 17:36 : player: played "rock/Iron Man (2012 - Remaster)(M4A_128K).m4a"
Jul 24 17:42 : ffmpeg/mov,mp4,m4a,3gp,3g2,mj2: Unknown cover type: 0x1.
Jul 24 17:42 : player: played "rock/Iron Man (2012 - Remaster)(M4A_128K).m4a"
Jul 24 17:48 : ffmpeg/mov,mp4,m4a,3gp,3g2,mj2: Unknown cover type: 0x1.
Jul 24 17:48 : player: played "rock/Iron Man (2012 - Remaster)(M4A_128K).m4a"
Jul 24 17:53 : ffmpeg/mov,mp4,m4a,3gp,3g2,mj2: Unknown cover type: 0x1.
Jul 24 17:57 : ffmpeg/mov,mp4,m4a,3gp,3g2,mj2: Unknown cover type: 0x1.
Jul 24 17:57 : player: played "pagode/Hu Tao - João E Maria (Chico Buarque) _ AI PT-BR Cover(M4A_128K).m4a"
Jul 24 18:00 : ffmpeg/mov,mp4,m4a,3gp,3g2,mj2: Unknown cover type: 0x1.
Jul 24 18:00 : player: played "pagode/Hu Tao - João E Maria (Chico Buarque) _ AI PT-BR Cover(M4A_128K).m4a"
Jul 24 18:03 : ffmpeg/mov,mp4,m4a,3gp,3g2,mj2: Unknown cover type: 0x1.
Jul 24 18:03 : player: played "pagode/Hu Tao - João E Maria (Chico Buarque) _ AI PT-BR Cover(M4A_128K).m4a"
Jul 24 18:07 : ffmpeg/mov,mp4,m4a,3gp,3g2,mj2: Unknown cover type: 0x1.
Jul 24 18:07 : player: played "pagode/Hu Tao - João E Maria (Chico Buarque) _ AI PT-BR Cover(M4A_128K).m4a"
Jul 24 18:10 : ffmpeg/mov,mp4,m4a,3gp,3g2,mj2: Unknown cover type: 0x1.
Jul 24 18:10 : player: played "pagode/Hu Tao - João E Maria (Chico Buarque) _ AI PT-BR Cover(M4A_128K).m4a"
Jul 24 18:13 : ffmpeg/mov,mp4,m4a,3gp,3g2,mj2: Unknown cover type: 0x1.
Jul 24 18:13 : player: played "pagode/Hu Tao - João E Maria (Chico Buarque) _ AI PT-BR Cover(M4A_128K).m4a"
Jul 24 18:17 : ffmpeg/mov,mp4,m4a,3gp,3g2,mj2: Unknown cover type: 0x1.
Jul 24 18:17 : player: played "pagode/Hu Tao - João E Maria (Chico Buarque) _ AI PT-BR Cover(M4A_128K).m4a"
Jul 24 18:20 : ffmpeg/mov,mp4,m4a,3gp,3g2,mj2: Unknown cover type: 0x1.
Jul 24 18:24 : ffmpeg/mov,mp4,m4a,3gp,3g2,mj2: Unknown cover type: 0x1.
Jul 24 18:24 : player: played "pagode/Sorriso Maroto - Brigas por nada (Part. Coral Resgate) [DVD Sorriso 15 Anos](M4A_128K).m4a"
Jul 24 18:28 : ffmpeg/mov,mp4,m4a,3gp,3g2,mj2: Unknown cover type: 0x1.
Jul 24 18:28 : player: played "pagode/Sorriso Maroto - Brigas por nada (Part. Coral Resgate) [DVD Sorriso 15 Anos](M4A_128K).m4a"
Jul 24 18:32 : ffmpeg/mov,mp4,m4a,3gp,3g2,mj2: Unknown cover type: 0x1.
Jul 24 18:32 : player: played "pagode/Sorriso Maroto - Brigas por nada (Part. Coral Resgate) [DVD Sorriso 15 Anos](M4A_128K).m4a"
Jul 24 18:36 : ffmpeg/mov,mp4,m4a,3gp,3g2,mj2: Unknown cover type: 0x1.
Jul 24 18:36 : player: played "pagode/Sorriso Maroto - Brigas por nada (Part. Coral Resgate) [DVD Sorriso 15 Anos](M4A_128K).m4a"
Jul 24 18:40 : ffmpeg/mov,mp4,m4a,3gp,3g2,mj2: Unknown cover type: 0x1.
Jul 24 18:40 : player: played "pagode/Sorriso Maroto - Brigas por nada (Part. Coral Resgate) [DVD Sorriso 15 Anos](M4A_128K).m4a"
Jul 24 18:44 : ffmpeg/mov,mp4,m4a,3gp,3g2,mj2: Unknown cover type: 0x1.
Jul 24 18:44 : player: played "pagode/Sorriso Maroto - Brigas por nada (Part. Coral Resgate) [DVD Sorriso 15 Anos](M4A_128K).m4a"
Jul 24 18:48 : ffmpeg/mov,mp4,m4a,3gp,3g2,mj2: Unknown cover type: 0x1.
Jul 24 18:48 : player: played "pagode/Sorriso Maroto - Brigas por nada (Part. Coral Resgate) [DVD Sorriso 15 Anos](M4A_128K).m4a"
Jul 24 18:52 : ffmpeg/mov,mp4,m4a,3gp,3g2,mj2: Unknown cover type: 0x1.
Jul 24 18:52 : player: played "pagode/Sorriso Maroto - Brigas por nada (Part. Coral Resgate) [DVD Sorriso 15 Anos](M4A_128K).m4a"
Jul 24 18:56 : ffmpeg/mov,mp4,m4a,3gp,3g2,mj2: Unknown cover type: 0x1.
Jul 24 18:56 : player: played "pagode/Sorriso Maroto - Brigas por nada (Part. Coral Resgate) [DVD Sorriso 15 Anos](M4A_128K).m4a"
Jul 24 19:00 : ffmpeg/mov,mp4,m4a,3gp,3g2,mj2: Unknown cover type: 0x1.
Jul 24 19:00 : player: played "pagode/Sorriso Maroto - Brigas por nada (Part. Coral Resgate) [DVD Sorriso 15 Anos](M4A_128K).m4a"
Jul 24 19:04 : ffmpeg/mov,mp4,m4a,3gp,3g2,mj2: Unknown cover type: 0x1.
Jul 24 19:04 : player: played "pagode/Sorriso Maroto - Brigas por nada (Part. Coral Resgate) [DVD Sorriso 15 Anos](M4A_128K).m4a"
Jul 24 19:08 : ffmpeg/mov,mp4,m4a,3gp,3g2,mj2: Unknown cover type: 0x1.
Jul 24 19:08 : player: played "pagode/Sorriso Maroto - Brigas por nada (Part. Coral Resgate) [DVD Sorriso 15 Anos](M4A_128K).m4a"
Jul 24 19:12 : ffmpeg/mov,mp4,m4a,3gp,3g2,mj2: Unknown cover type: 0x1.
Jul 24 19:13 : player: played "pagode/Sorriso Maroto - Brigas por nada (Part. Coral Resgate) [DVD Sorriso 15 Anos](M4A_128K).m4a"
Jul 24 19:16 : ffmpeg/mov,mp4,m4a,3gp,3g2,mj2: Unknown cover type: 0x1.
Jul 24 19:17 : player: played "pagode/Sorriso Maroto - Brigas por nada (Part. Coral Resgate) [DVD Sorriso 15 Anos](M4A_128K).m4a"
Jul 24 19:20 : ffmpeg/mov,mp4,m4a,3gp,3g2,mj2: Unknown cover type: 0x1.
Jul 24 19:21 : player: played "pagode/Sorriso Maroto - Brigas por nada (Part. Coral Resgate) [DVD Sorriso 15 Anos](M4A_128K).m4a"
Jul 24 19:24 : ffmpeg/mov,mp4,m4a,3gp,3g2,mj2: Unknown cover type: 0x1.
Jul 24 19:25 : player: played "pagode/Sorriso Maroto - Brigas por nada (Part. Coral Resgate) [DVD Sorriso 15 Anos](M4A_128K).m4a"
Jul 24 19:29 : ffmpeg/mov,mp4,m4a,3gp,3g2,mj2: Unknown cover type: 0x1.
Jul 24 19:29 : player: played "pagode/Sorriso Maroto - Brigas por nada (Part. Coral Resgate) [DVD Sorriso 15 Anos](M4A_128K).m4a"
Jul 24 19:33 : ffmpeg/mov,mp4,m4a,3gp,3g2,mj2: Unknown cover type: 0x1.
Jul 24 19:33 : player: played "pagode/Sorriso Maroto - Brigas por nada (Part. Coral Resgate) [DVD Sorriso 15 Anos](M4A_128K).m4a"
Jul 24 19:37 : ffmpeg/mov,mp4,m4a,3gp,3g2,mj2: Unknown cover type: 0x1.
Jul 24 19:37 : player: played "pagode/Sorriso Maroto - Brigas por nada (Part. Coral Resgate) [DVD Sorriso 15 Anos](M4A_128K).m4a"
Jul 24 19:39 : output: Failed to play on "pulse audio" (pulse): suspended
Jul 24 19:41 : ffmpeg/mov,mp4,m4a,3gp,3g2,mj2: Unknown cover type: 0x1.
Jul 24 19:41 : player: played "pagode/Sorriso Maroto - Brigas por nada (Part. Coral Resgate) [DVD Sorriso 15 Anos](M4A_128K).m4a"
Jul 24 19:45 : ffmpeg/mov,mp4,m4a,3gp,3g2,mj2: Unknown cover type: 0x1.
Jul 24 19:45 : player: played "pagode/Sorriso Maroto - Brigas por nada (Part. Coral Resgate) [DVD Sorriso 15 Anos](M4A_128K).m4a"
Jul 24 19:49 : ffmpeg/mov,mp4,m4a,3gp,3g2,mj2: Unknown cover type: 0x1.
Jul 24 19:49 : player: played "pagode/Sorriso Maroto - Brigas por nada (Part. Coral Resgate) [DVD Sorriso 15 Anos](M4A_128K).m4a"
Jul 24 19:53 : ffmpeg/mov,mp4,m4a,3gp,3g2,mj2: Unknown cover type: 0x1.
Jul 24 19:53 : player: played "pagode/Sorriso Maroto - Brigas por nada (Part. Coral Resgate) [DVD Sorriso 15 Anos](M4A_128K).m4a"
Jul 24 19:57 : ffmpeg/mov,mp4,m4a,3gp,3g2,mj2: Unknown cover type: 0x1.
Jul 24 19:57 : player: played "pagode/Sorriso Maroto - Brigas por nada (Part. Coral Resgate) [DVD Sorriso 15 Anos](M4A_128K).m4a"
Jul 24 20:01 : ffmpeg/mov,mp4,m4a,3gp,3g2,mj2: Unknown cover type: 0x1.
Jul 24 20:01 : player: played "pagode/Sorriso Maroto - Brigas por nada (Part. Coral Resgate) [DVD Sorriso 15 Anos](M4A_128K).m4a"
Jul 24 20:02 : player: played "pagode/Sorriso Maroto - Brigas por nada (Part. Coral Resgate) [DVD Sorriso 15 Anos](M4A_128K).m4a"
Jul 24 20:43 : ffmpeg/mov,mp4,m4a,3gp,3g2,mj2: Unknown cover type: 0x1.
Jul 24 20:48 : output: Failed to play on "pulse audio" (pulse): suspended
Jul 24 20:48 : player: played "rock/Iron Man (2012 - Remaster)(M4A_128K).m4a"
Jul 24 20:49 : ffmpeg/mov,mp4,m4a,3gp,3g2,mj2: Unknown cover type: 0x1.
Jul 24 20:50 : ffmpeg/mov,mp4,m4a,3gp,3g2,mj2: Unknown cover type: 0x1.
Jul 24 20:50 : player: played "rock/Iron Man (2012 - Remaster)(M4A_128K).m4a"
Jul 24 20:50 : player: played "rock/Iron Man (2012 - Remaster)(M4A_128K).m4a"
Jul 24 20:51 : ffmpeg/mov,mp4,m4a,3gp,3g2,mj2: Unknown cover type: 0x1.
Jul 24 20:52 : ffmpeg/mov,mp4,m4a,3gp,3g2,mj2: Unknown cover type: 0x1.
Jul 24 20:56 : ffmpeg/mov,mp4,m4a,3gp,3g2,mj2: Unknown cover type: 0x1.
Jul 24 20:56 : player: played "rock/AC_DC - Back In Black (Official Video)(M4A_128K).m4a"
Jul 24 21:02 : ffmpeg/mov,mp4,m4a,3gp,3g2,mj2: Unknown cover type: 0x1.
Jul 24 21:02 : player: played "pagode/Sorriso Maroto - Faz Assim_A primeira namorada_Não tem perdão [DVD Sorriso 15 Anos](M4A_128K).m4a"
Jul 24 21:02 : output: Failed to play on "pulse audio" (pulse): suspended
Jul 24 21:05 : ffmpeg/mov,mp4,m4a,3gp,3g2,mj2: Unknown cover type: 0x1.
Jul 24 21:05 : player: played "pagode/Hu Tao - João E Maria (Chico Buarque) _ AI PT-BR Cover(M4A_128K).m4a"
Jul 24 21:07 : output: Failed to play on "pulse audio" (pulse): suspended
Jul 24 21:09 : ffmpeg/mov,mp4,m4a,3gp,3g2,mj2: Unknown cover type: 0x1.
Jul 24 21:09 : player: played "pagode/Sorriso Maroto - Brigas por nada (Part. Coral Resgate) [DVD Sorriso 15 Anos](M4A_128K).m4a"
Jul 24 21:16 : ffmpeg/mov,mp4,m4a,3gp,3g2,mj2: Unknown cover type: 0x1.
Jul 24 21:16 : player: played "pagode/Sorriso Maroto - Vai e chora (DVD Sorriso Eu Gosto)(M4A_128K).m4a"
Jul 24 21:18 : ffmpeg/mov,mp4,m4a,3gp,3g2,mj2: Unknown cover type: 0x1.
Jul 24 21:19 : player: played "rock/BLACK SABBATH - _Paranoid_ (Official Video)(M4A_128K).m4a"
Jul 24 21:24 : ffmpeg/mov,mp4,m4a,3gp,3g2,mj2: Unknown cover type: 0x1.
Jul 24 21:24 : player: played "pagode/Pixote - Nem de Graça _ Saudade Arregaça (Ao Vivo) - DVD Fã de Carteirinha Sunset(M4A_128K).m4a"
Jul 24 21:29 : ffmpeg/mov,mp4,m4a,3gp,3g2,mj2: Unknown cover type: 0x1.
Jul 24 21:29 : player: played "rock/AC_DC - Thunderstruck (Official Video)(M4A_128K).m4a"
Jul 24 21:33 : ffmpeg/mov,mp4,m4a,3gp,3g2,mj2: Unknown cover type: 0x1.
Jul 24 21:33 : player: played "pagode/Sorriso Maroto - Brigas por nada (Part. Coral Resgate) [DVD Sorriso 15 Anos](M4A_128K).m4a"
Jul 24 21:36 : player: played "pagode/Sorriso Maroto - Vai e chora (DVD Sorriso Eu Gosto)(M4A_128K).m4a"
Jul 24 21:41 : ffmpeg/mov,mp4,m4a,3gp,3g2,mj2: Unknown cover type: 0x1.
Jul 24 21:41 : update: updating pagode/Hu Tao - João E Maria (Chico Buarque) _ AI PT-BR Cover(M4A_128K).m4a
Jul 24 21:45 : player: played "pagode/Hu Tao - João E Maria (Chico Buarque) _ AI PT-BR Cover(M4A_128K).m4a"
Jul 24 21:48 : player: played "pagode/Hu Tao - João E Maria (Chico Buarque) _ AI PT-BR Cover(M4A_128K).m4a"
Jul 24 21:51 : player: played "pagode/Hu Tao - João E Maria (Chico Buarque) _ AI PT-BR Cover(M4A_128K).m4a"
Jul 24 21:54 : player: played "pagode/Hu Tao - João E Maria (Chico Buarque) _ AI PT-BR Cover(M4A_128K).m4a"
Jul 24 21:58 : player: played "pagode/Hu Tao - João E Maria (Chico Buarque) _ AI PT-BR Cover(M4A_128K).m4a"
Jul 24 22:01 : player: played "pagode/Hu Tao - João E Maria (Chico Buarque) _ AI PT-BR Cover(M4A_128K).m4a"
Jul 24 22:04 : player: played "pagode/Hu Tao - João E Maria (Chico Buarque) _ AI PT-BR Cover(M4A_128K).m4a"
Jul 24 22:07 : player: played "pagode/Hu Tao - João E Maria (Chico Buarque) _ AI PT-BR Cover(M4A_128K).m4a"
Jul 24 22:08 : output: Failed to play on "pulse audio" (pulse): suspended
Jul 24 22:10 : mixer: Failed to set mixer for 'pulse audio': disconnected
Jul 24 22:10 : exception: Failed to set mixer for 'pulse audio'; disconnected
Jul 24 22:10 : ffmpeg/mov,mp4,m4a,3gp,3g2,mj2: Unknown cover type: 0x1.
Jul 24 22:10 : ffmpeg/mov,mp4,m4a,3gp,3g2,mj2: Unknown cover type: 0x1.
Jul 24 22:14 : player: played "pagode/Hu Tao - João E Maria (Chico Buarque) _ AI PT-BR Cover(M4A_128K).m4a"
Jul 24 22:17 : player: played "pagode/Hu Tao - João E Maria (Chico Buarque) _ AI PT-BR Cover(M4A_128K).m4a"
Jul 24 22:20 : player: played "pagode/Hu Tao - João E Maria (Chico Buarque) _ AI PT-BR Cover(M4A_128K).m4a"
Jul 24 22:24 : player: played "pagode/Hu Tao - João E Maria (Chico Buarque) _ AI PT-BR Cover(M4A_128K).m4a"
Jul 24 22:27 : player: played "pagode/Hu Tao - João E Maria (Chico Buarque) _ AI PT-BR Cover(M4A_128K).m4a"
Jul 25 01:25 : ffmpeg/mov,mp4,m4a,3gp,3g2,mj2: Unknown cover type: 0x1.
Jul 25 01:32 : ffmpeg/mov,mp4,m4a,3gp,3g2,mj2: Unknown cover type: 0x1.
Jul 25 01:38 : ffmpeg/mov,mp4,m4a,3gp,3g2,mj2: Unknown cover type: 0x1.
Jul 25 01:38 : player: played "rock/Iron Man (2012 - Remaster)(M4A_128K).m4a"
Jul 25 01:44 : ffmpeg/mov,mp4,m4a,3gp,3g2,mj2: Unknown cover type: 0x1.
Jul 25 01:44 : player: played "rock/Iron Man (2012 - Remaster)(M4A_128K).m4a"
Jul 25 01:50 : ffmpeg/mov,mp4,m4a,3gp,3g2,mj2: Unknown cover type: 0x1.
Jul 25 01:50 : player: played "rock/Iron Man (2012 - Remaster)(M4A_128K).m4a"
Jul 25 01:53 : output: Failed to play on "pulse audio" (pulse): suspended
Jul 25 01:55 : ffmpeg/mov,mp4,m4a,3gp,3g2,mj2: Unknown cover type: 0x1.
Jul 25 01:58 : ffmpeg/mov,mp4,m4a,3gp,3g2,mj2: Unknown cover type: 0x1.
Jul 25 01:58 : player: played "rock/Yae Miko _ Yelan - João E Maria (Chico Buarque) _ AI PT-BR Cover(M4A_128K).m4a"
Jul 25 02:01 : ffmpeg/mov,mp4,m4a,3gp,3g2,mj2: Unknown cover type: 0x1.
Jul 25 02:02 : player: played "rock/Yae Miko _ Yelan - João E Maria (Chico Buarque) _ AI PT-BR Cover(M4A_128K).m4a"
Jul 25 02:05 : ffmpeg/mov,mp4,m4a,3gp,3g2,mj2: Unknown cover type: 0x1.
Jul 25 02:05 : player: played "rock/Yae Miko _ Yelan - João E Maria (Chico Buarque) _ AI PT-BR Cover(M4A_128K).m4a"
Jul 25 02:08 : ffmpeg/mov,mp4,m4a,3gp,3g2,mj2: Unknown cover type: 0x1.
Jul 25 02:08 : player: played "rock/Yae Miko _ Yelan - João E Maria (Chico Buarque) _ AI PT-BR Cover(M4A_128K).m4a"
Jul 25 02:11 : ffmpeg/mov,mp4,m4a,3gp,3g2,mj2: Unknown cover type: 0x1.
Jul 25 02:11 : player: played "rock/Yae Miko _ Yelan - João E Maria (Chico Buarque) _ AI PT-BR Cover(M4A_128K).m4a"
Jul 25 02:15 : ffmpeg/mov,mp4,m4a,3gp,3g2,mj2: Unknown cover type: 0x1.
Jul 25 02:15 : player: played "rock/Yae Miko _ Yelan - João E Maria (Chico Buarque) _ AI PT-BR Cover(M4A_128K).m4a"
Jul 25 02:18 : ffmpeg/mov,mp4,m4a,3gp,3g2,mj2: Unknown cover type: 0x1.
Jul 25 02:18 : player: played "rock/Yae Miko _ Yelan - João E Maria (Chico Buarque) _ AI PT-BR Cover(M4A_128K).m4a"
Jul 25 02:21 : ffmpeg/mov,mp4,m4a,3gp,3g2,mj2: Unknown cover type: 0x1.
Jul 25 02:24 : ffmpeg/mov,mp4,m4a,3gp,3g2,mj2: Unknown cover type: 0x1.
Jul 25 02:24 : player: played "rock/BLACK SABBATH - _Paranoid_ (Official Video)(M4A_128K).m4a"
Jul 25 02:27 : ffmpeg/mov,mp4,m4a,3gp,3g2,mj2: Unknown cover type: 0x1.
Jul 25 02:27 : player: played "rock/BLACK SABBATH - _Paranoid_ (Official Video)(M4A_128K).m4a"
Jul 25 02:29 : ffmpeg/mov,mp4,m4a,3gp,3g2,mj2: Unknown cover type: 0x1.
Jul 25 02:30 : player: played "rock/BLACK SABBATH - _Paranoid_ (Official Video)(M4A_128K).m4a"
Jul 25 02:32 : ffmpeg/mov,mp4,m4a,3gp,3g2,mj2: Unknown cover type: 0x1.
Jul 25 02:32 : player: played "rock/BLACK SABBATH - _Paranoid_ (Official Video)(M4A_128K).m4a"
Jul 25 02:35 : ffmpeg/mov,mp4,m4a,3gp,3g2,mj2: Unknown cover type: 0x1.
Jul 25 02:35 : player: played "rock/BLACK SABBATH - _Paranoid_ (Official Video)(M4A_128K).m4a"
Jul 25 02:38 : ffmpeg/mov,mp4,m4a,3gp,3g2,mj2: Unknown cover type: 0x1.
Jul 25 02:38 : player: played "rock/BLACK SABBATH - _Paranoid_ (Official Video)(M4A_128K).m4a"
Jul 25 02:40 : ffmpeg/mov,mp4,m4a,3gp,3g2,mj2: Unknown cover type: 0x1.
Jul 25 02:41 : player: played "rock/BLACK SABBATH - _Paranoid_ (Official Video)(M4A_128K).m4a"
Jul 25 02:43 : ffmpeg/mov,mp4,m4a,3gp,3g2,mj2: Unknown cover type: 0x1.
Jul 25 02:43 : player: played "rock/BLACK SABBATH - _Paranoid_ (Official Video)(M4A_128K).m4a"
Jul 25 02:46 : ffmpeg/mov,mp4,m4a,3gp,3g2,mj2: Unknown cover type: 0x1.
Jul 25 02:46 : player: played "rock/BLACK SABBATH - _Paranoid_ (Official Video)(M4A_128K).m4a"
Jul 25 03:35 : player: played "pagode/Hu Tao - João E Maria (Chico Buarque) _ AI PT-BR Cover(M4A_128K).m4a"
Jul 25 03:38 : player: played "pagode/Hu Tao - João E Maria (Chico Buarque) _ AI PT-BR Cover(M4A_128K).m4a"
Jul 25 03:42 : player: played "pagode/Hu Tao - João E Maria (Chico Buarque) _ AI PT-BR Cover(M4A_128K).m4a"
Jul 25 03:45 : player: played "pagode/Hu Tao - João E Maria (Chico Buarque) _ AI PT-BR Cover(M4A_128K).m4a"
Jul 25 03:46 : ffmpeg/mov,mp4,m4a,3gp,3g2,mj2: Unknown cover type: 0x1.
Jul 25 03:50 : ffmpeg/mov,mp4,m4a,3gp,3g2,mj2: Unknown cover type: 0x1.
Jul 25 03:50 : player: played "rock/System Of A Down - B.Y.O.B. (Official HD Video)(M4A_128K).m4a"
Jul 25 03:54 : ffmpeg/mov,mp4,m4a,3gp,3g2,mj2: Unknown cover type: 0x1.
Jul 25 03:54 : player: played "rock/System Of A Down - B.Y.O.B. (Official HD Video)(M4A_128K).m4a"
Jul 25 03:58 : ffmpeg/mov,mp4,m4a,3gp,3g2,mj2: Unknown cover type: 0x1.
Jul 25 03:59 : player: played "rock/System Of A Down - B.Y.O.B. (Official HD Video)(M4A_128K).m4a"
Jul 25 22:25 : ffmpeg/mov,mp4,m4a,3gp,3g2,mj2: Unknown cover type: 0x1.
Jul 26 00:45 : player: played "pagode/Hu Tao - João E Maria (Chico Buarque) _ AI PT-BR Cover(M4A_128K).m4a"
Jul 26 00:48 : player: played "pagode/Hu Tao - João E Maria (Chico Buarque) _ AI PT-BR Cover(M4A_128K).m4a"
Jul 26 01:09 : player: played "pagode/Hu Tao - João E Maria (Chico Buarque) _ AI PT-BR Cover(M4A_128K).m4a"
Jul 26 01:12 : player: played "pagode/Hu Tao - João E Maria (Chico Buarque) _ AI PT-BR Cover(M4A_128K).m4a"
Jul 26 01:14 : output: Failed to play on "pulse audio" (pulse): suspended
Jul 26 01:15 : player: played "pagode/Hu Tao - João E Maria (Chico Buarque) _ AI PT-BR Cover(M4A_128K).m4a"
Jul 26 01:19 : player: played "pagode/Hu Tao - João E Maria (Chico Buarque) _ AI PT-BR Cover(M4A_128K).m4a"
Jul 26 01:22 : player: played "pagode/Hu Tao - João E Maria (Chico Buarque) _ AI PT-BR Cover(M4A_128K).m4a"
Jul 26 01:25 : player: played "pagode/Hu Tao - João E Maria (Chico Buarque) _ AI PT-BR Cover(M4A_128K).m4a"
Jul 26 01:27 : output: Failed to play on "pulse audio" (pulse): suspended
Jul 26 01:28 : player: played "pagode/Hu Tao - João E Maria (Chico Buarque) _ AI PT-BR Cover(M4A_128K).m4a"
Jul 26 01:29 : output: Failed to play on "pulse audio" (pulse): suspended
Jul 26 01:32 : player: played "pagode/Hu Tao - João E Maria (Chico Buarque) _ AI PT-BR Cover(M4A_128K).m4a"
Jul 26 01:35 : player: played "pagode/Hu Tao - João E Maria (Chico Buarque) _ AI PT-BR Cover(M4A_128K).m4a"
Jul 26 01:38 : player: played "pagode/Hu Tao - João E Maria (Chico Buarque) _ AI PT-BR Cover(M4A_128K).m4a"
Jul 26 01:41 : player: played "pagode/Hu Tao - João E Maria (Chico Buarque) _ AI PT-BR Cover(M4A_128K).m4a"
Jul 26 01:43 : output: Failed to play on "pulse audio" (pulse): suspended
Jul 26 01:45 : player: played "pagode/Hu Tao - João E Maria (Chico Buarque) _ AI PT-BR Cover(M4A_128K).m4a"
Jul 26 01:48 : player: played "pagode/Hu Tao - João E Maria (Chico Buarque) _ AI PT-BR Cover(M4A_128K).m4a"
Jul 26 01:51 : player: played "pagode/Hu Tao - João E Maria (Chico Buarque) _ AI PT-BR Cover(M4A_128K).m4a"
Jul 26 01:54 : player: played "pagode/Hu Tao - João E Maria (Chico Buarque) _ AI PT-BR Cover(M4A_128K).m4a"
Jul 26 01:58 : player: played "pagode/Hu Tao - João E Maria (Chico Buarque) _ AI PT-BR Cover(M4A_128K).m4a"
Jul 26 02:01 : player: played "pagode/Hu Tao - João E Maria (Chico Buarque) _ AI PT-BR Cover(M4A_128K).m4a"
Jul 26 02:04 : player: played "pagode/Hu Tao - João E Maria (Chico Buarque) _ AI PT-BR Cover(M4A_128K).m4a"
Jul 26 02:07 : player: played "pagode/Hu Tao - João E Maria (Chico Buarque) _ AI PT-BR Cover(M4A_128K).m4a"
Jul 26 02:11 : player: played "pagode/Hu Tao - João E Maria (Chico Buarque) _ AI PT-BR Cover(M4A_128K).m4a"
Jul 26 02:14 : player: played "pagode/Hu Tao - João E Maria (Chico Buarque) _ AI PT-BR Cover(M4A_128K).m4a"
Jul 26 02:17 : player: played "pagode/Hu Tao - João E Maria (Chico Buarque) _ AI PT-BR Cover(M4A_128K).m4a"
Jul 26 02:21 : player: played "pagode/Hu Tao - João E Maria (Chico Buarque) _ AI PT-BR Cover(M4A_128K).m4a"
Jul 26 02:24 : player: played "pagode/Hu Tao - João E Maria (Chico Buarque) _ AI PT-BR Cover(M4A_128K).m4a"
Jul 26 02:27 : player: played "pagode/Hu Tao - João E Maria (Chico Buarque) _ AI PT-BR Cover(M4A_128K).m4a"
Jul 26 02:30 : player: played "pagode/Hu Tao - João E Maria (Chico Buarque) _ AI PT-BR Cover(M4A_128K).m4a"
Jul 26 02:34 : player: played "pagode/Hu Tao - João E Maria (Chico Buarque) _ AI PT-BR Cover(M4A_128K).m4a"
Jul 26 02:37 : player: played "pagode/Hu Tao - João E Maria (Chico Buarque) _ AI PT-BR Cover(M4A_128K).m4a"
Jul 26 02:40 : player: played "pagode/Hu Tao - João E Maria (Chico Buarque) _ AI PT-BR Cover(M4A_128K).m4a"
Jul 26 02:43 : player: played "pagode/Hu Tao - João E Maria (Chico Buarque) _ AI PT-BR Cover(M4A_128K).m4a"
Jul 26 02:47 : player: played "pagode/Hu Tao - João E Maria (Chico Buarque) _ AI PT-BR Cover(M4A_128K).m4a"
Jul 26 02:50 : player: played "pagode/Hu Tao - João E Maria (Chico Buarque) _ AI PT-BR Cover(M4A_128K).m4a"
Jul 26 02:53 : player: played "pagode/Hu Tao - João E Maria (Chico Buarque) _ AI PT-BR Cover(M4A_128K).m4a"
Jul 26 02:56 : player: played "pagode/Hu Tao - João E Maria (Chico Buarque) _ AI PT-BR Cover(M4A_128K).m4a"
Jul 26 03:00 : player: played "pagode/Hu Tao - João E Maria (Chico Buarque) _ AI PT-BR Cover(M4A_128K).m4a"
Jul 26 03:03 : player: played "pagode/Hu Tao - João E Maria (Chico Buarque) _ AI PT-BR Cover(M4A_128K).m4a"
Jul 26 03:06 : player: played "pagode/Hu Tao - João E Maria (Chico Buarque) _ AI PT-BR Cover(M4A_128K).m4a"
Jul 26 03:10 : player: played "pagode/Hu Tao - João E Maria (Chico Buarque) _ AI PT-BR Cover(M4A_128K).m4a"
Jul 26 03:13 : player: played "pagode/Hu Tao - João E Maria (Chico Buarque) _ AI PT-BR Cover(M4A_128K).m4a"
Jul 26 03:16 : player: played "pagode/Hu Tao - João E Maria (Chico Buarque) _ AI PT-BR Cover(M4A_128K).m4a"
Jul 26 03:18 : output: Failed to play on "pulse audio" (pulse): suspended
Jul 26 03:19 : player: played "pagode/Hu Tao - João E Maria (Chico Buarque) _ AI PT-BR Cover(M4A_128K).m4a"
Jul 26 03:23 : player: played "pagode/Hu Tao - João E Maria (Chico Buarque) _ AI PT-BR Cover(M4A_128K).m4a"
Jul 26 03:26 : player: played "pagode/Hu Tao - João E Maria (Chico Buarque) _ AI PT-BR Cover(M4A_128K).m4a"
Jul 26 03:29 : player: played "pagode/Hu Tao - João E Maria (Chico Buarque) _ AI PT-BR Cover(M4A_128K).m4a"
Jul 26 03:30 : output: Failed to play on "pulse audio" (pulse): suspended
Jul 26 03:32 : player: played "pagode/Hu Tao - João E Maria (Chico Buarque) _ AI PT-BR Cover(M4A_128K).m4a"
Jul 26 03:36 : player: played "pagode/Hu Tao - João E Maria (Chico Buarque) _ AI PT-BR Cover(M4A_128K).m4a"
Jul 26 03:39 : player: played "pagode/Hu Tao - João E Maria (Chico Buarque) _ AI PT-BR Cover(M4A_128K).m4a"
Jul 26 03:42 : player: played "pagode/Hu Tao - João E Maria (Chico Buarque) _ AI PT-BR Cover(M4A_128K).m4a"
Jul 26 03:43 : ffmpeg/mov,mp4,m4a,3gp,3g2,mj2: Unknown cover type: 0x1.
Jul 26 03:46 : output: Failed to play on "pulse audio" (pulse): suspended
Jul 26 03:47 : ffmpeg/mov,mp4,m4a,3gp,3g2,mj2: Unknown cover type: 0x1.
Jul 26 03:47 : player: played "rock/System Of A Down - B.Y.O.B. (Official HD Video)(M4A_128K).m4a"
Jul 26 03:51 : ffmpeg/mov,mp4,m4a,3gp,3g2,mj2: Unknown cover type: 0x1.
Jul 26 03:51 : player: played "rock/System Of A Down - B.Y.O.B. (Official HD Video)(M4A_128K).m4a"
Jul 26 03:56 : ffmpeg/mov,mp4,m4a,3gp,3g2,mj2: Unknown cover type: 0x1.
Jul 26 03:56 : player: played "rock/System Of A Down - B.Y.O.B. (Official HD Video)(M4A_128K).m4a"
Jul 26 04:00 : ffmpeg/mov,mp4,m4a,3gp,3g2,mj2: Unknown cover type: 0x1.
Jul 26 04:00 : player: played "rock/System Of A Down - B.Y.O.B. (Official HD Video)(M4A_128K).m4a"
Jul 26 04:04 : ffmpeg/mov,mp4,m4a,3gp,3g2,mj2: Unknown cover type: 0x1.
Jul 26 04:04 : player: played "rock/System Of A Down - B.Y.O.B. (Official HD Video)(M4A_128K).m4a"
Jul 26 04:08 : ffmpeg/mov,mp4,m4a,3gp,3g2,mj2: Unknown cover type: 0x1.
Jul 26 04:09 : player: played "rock/System Of A Down - B.Y.O.B. (Official HD Video)(M4A_128K).m4a"
Jul 26 04:09 : output: Failed to play on "pulse audio" (pulse): suspended
Jul 26 04:13 : ffmpeg/mov,mp4,m4a,3gp,3g2,mj2: Unknown cover type: 0x1.
Jul 26 04:13 : player: played "rock/System Of A Down - B.Y.O.B. (Official HD Video)(M4A_128K).m4a"
Jul 26 04:17 : ffmpeg/mov,mp4,m4a,3gp,3g2,mj2: Unknown cover type: 0x1.
Jul 26 04:17 : player: played "rock/System Of A Down - B.Y.O.B. (Official HD Video)(M4A_128K).m4a"
Jul 26 04:21 : ffmpeg/mov,mp4,m4a,3gp,3g2,mj2: Unknown cover type: 0x1.
Jul 26 04:21 : player: played "rock/System Of A Down - B.Y.O.B. (Official HD Video)(M4A_128K).m4a"
Jul 26 04:25 : ffmpeg/mov,mp4,m4a,3gp,3g2,mj2: Unknown cover type: 0x1.
Jul 26 04:26 : player: played "rock/System Of A Down - B.Y.O.B. (Official HD Video)(M4A_128K).m4a"
Jul 26 04:31 : ffmpeg/mov,mp4,m4a,3gp,3g2,mj2: Unknown cover type: 0x1.
Jul 26 18:05 : exception: Failed to decode /home/mrh/Music/rock/System Of A Down - B.Y.O.B. (Official HD Video)(M4A_128K).m4a; Failed to open '/home/mrh/Music/rock/System Of A Down - B.Y.O.B. (Official HD Video)(M4A_128K).m4a': No such file or directory
Jul 26 18:05 : player: played "rock/System Of A Down - B.Y.O.B. (Official HD Video)(M4A_128K).m4a"
Jul 26 18:05 : exception: Failed to decode /home/mrh/Music/rock/System Of A Down - B.Y.O.B. (Official HD Video)(M4A_128K).m4a; Failed to open '/home/mrh/Music/rock/System Of A Down - B.Y.O.B. (Official HD Video)(M4A_128K).m4a': No such file or directory
Jul 26 18:05 : player: played "rock/System Of A Down - B.Y.O.B. (Official HD Video)(M4A_128K).m4a"
Jul 26 18:05 : exception: inotify_add_watch() has failed: No such file or directory
Jul 26 19:15 : exception: Failed to decode /home/mrh/Music/rock/System Of A Down - B.Y.O.B. (Official HD Video)(M4A_128K).m4a; Failed to open '/home/mrh/Music/rock/System Of A Down - B.Y.O.B. (Official HD Video)(M4A_128K).m4a': No such file or directory
Jul 26 19:15 : player: played "rock/System Of A Down - B.Y.O.B. (Official HD Video)(M4A_128K).m4a"
Jul 26 19:15 : exception: Failed to decode /home/mrh/Music/rock/System Of A Down - B.Y.O.B. (Official HD Video)(M4A_128K).m4a; Failed to open '/home/mrh/Music/rock/System Of A Down - B.Y.O.B. (Official HD Video)(M4A_128K).m4a': No such file or directory
Jul 26 19:15 : player: played "rock/System Of A Down - B.Y.O.B. (Official HD Video)(M4A_128K).m4a"
Jul 26 19:15 : exception: inotify_add_watch() has failed: No such file or directory
Jul 26 21:05 : ffmpeg/mov,mp4,m4a,3gp,3g2,mj2: Unknown cover type: 0x1.
Jul 26 21:20 : ffmpeg/mov,mp4,m4a,3gp,3g2,mj2: Unknown cover type: 0x1.
Jul 26 21:20 : player: played "rock/Yae Miko _ Yelan - João E Maria (Chico Buarque) _ AI PT-BR Cover(M4A_128K).m4a"
Jul 26 21:20 : update: updating rock/AC_DC - Back In Black (Official Video)(M4A_128K).m4a
Jul 26 21:20 : ffmpeg/mov,mp4,m4a,3gp,3g2,mj2: Unknown cover type: 0x1.
Jul 26 21:20 : update: updating rock/AC_DC - Highway to Hell (Live At River Plate_ December 2009)(M4A_128K).m4a
Jul 26 21:20 : ffmpeg/mov,mp4,m4a,3gp,3g2,mj2: Unknown cover type: 0x1.
Jul 26 21:20 : update: updating rock/AC_DC - Thunderstruck (Official Video)(M4A_128K).m4a
Jul 26 21:20 : ffmpeg/mov,mp4,m4a,3gp,3g2,mj2: Unknown cover type: 0x1.
Jul 26 21:20 : update: updating rock/BLACK SABBATH - _Paranoid_ (Official Video)(M4A_128K).m4a
Jul 26 21:20 : ffmpeg/mov,mp4,m4a,3gp,3g2,mj2: Unknown cover type: 0x1.
Jul 26 21:20 : update: updating rock/Guns N_ Roses - Sweet Child O_ Mine (Official Music Video)(M4A_128K).m4a
Jul 26 21:20 : ffmpeg/mov,mp4,m4a,3gp,3g2,mj2: Unknown cover type: 0x1.
Jul 26 21:20 : update: updating rock/Guns N_ Roses - Welcome To The Jungle(M4A_128K).m4a
Jul 26 21:20 : ffmpeg/mov,mp4,m4a,3gp,3g2,mj2: Unknown cover type: 0x1.
Jul 26 21:20 : update: updating rock/Iron Man (2012 - Remaster)(M4A_128K).m4a
Jul 26 21:20 : ffmpeg/mov,mp4,m4a,3gp,3g2,mj2: Unknown cover type: 0x1.
Jul 26 21:20 : update: updating rock/Korn - Y_all Want a Single(M4A_128K).m4a
Jul 26 21:20 : ffmpeg/mov,mp4,m4a,3gp,3g2,mj2: Unknown cover type: 0x1.
Jul 26 21:20 : update: updating rock/Master of Puppets (Remastered)(M4A_128K).m4a
Jul 26 21:20 : ffmpeg/mov,mp4,m4a,3gp,3g2,mj2: Unknown cover type: 0x1.
Jul 26 21:20 : update: updating rock/Megadeth - Sweating Bullets (Official Music Video)(M4A_128K).m4a
Jul 26 21:20 : ffmpeg/mov,mp4,m4a,3gp,3g2,mj2: Unknown cover type: 0x1.
Jul 26 21:20 : update: updating rock/Rob Zombie - Living Dead Girl(M4A_128K).m4a
Jul 26 21:20 : ffmpeg/mov,mp4,m4a,3gp,3g2,mj2: Unknown cover type: 0x1.
Jul 26 21:20 : update: updating rock/Rob Zombie - Superbeast(M4A_128K).m4a
Jul 26 21:20 : ffmpeg/mov,mp4,m4a,3gp,3g2,mj2: Unknown cover type: 0x1.
Jul 26 21:20 : update: updating rock/System Of A Down - B.Y.O.B. (Official HD Video)(M4A_128K).m4a
Jul 26 21:20 : ffmpeg/mov,mp4,m4a,3gp,3g2,mj2: Unknown cover type: 0x1.
Jul 26 21:20 : update: updating rock/Yae Miko _ Yelan - João E Maria (Chico Buarque) _ AI PT-BR Cover(M4A_128K).m4a
Jul 26 21:20 : ffmpeg/mov,mp4,m4a,3gp,3g2,mj2: Unknown cover type: 0x1.
Jul 26 21:20 : ffmpeg/mov,mp4,m4a,3gp,3g2,mj2: Unknown cover type: 0x1.
Jul 26 21:23 : ffmpeg/mov,mp4,m4a,3gp,3g2,mj2: Unknown cover type: 0x1.
Jul 26 21:24 : player: played "rock/Yae Miko _ Yelan - João E Maria (Chico Buarque) _ AI PT-BR Cover(M4A_128K).m4a"
Jul 26 21:27 : ffmpeg/mov,mp4,m4a,3gp,3g2,mj2: Unknown cover type: 0x1.
Jul 26 21:27 : player: played "rock/Yae Miko _ Yelan - João E Maria (Chico Buarque) _ AI PT-BR Cover(M4A_128K).m4a"
Jul 26 22:14 : ffmpeg/mov,mp4,m4a,3gp,3g2,mj2: Unknown cover type: 0x1.
Jul 26 22:14 : player: played "rock/Yae Miko _ Yelan - João E Maria (Chico Buarque) _ AI PT-BR Cover(M4A_128K).m4a"
Jul 26 22:18 : ffmpeg/mov,mp4,m4a,3gp,3g2,mj2: Unknown cover type: 0x1.
Jul 26 22:18 : player: played "rock/Yae Miko _ Yelan - João E Maria (Chico Buarque) _ AI PT-BR Cover(M4A_128K).m4a"
Jul 26 22:21 : ffmpeg/mov,mp4,m4a,3gp,3g2,mj2: Unknown cover type: 0x1.
Jul 26 22:21 : player: played "rock/Yae Miko _ Yelan - João E Maria (Chico Buarque) _ AI PT-BR Cover(M4A_128K).m4a"
Jul 26 22:24 : ffmpeg/mov,mp4,m4a,3gp,3g2,mj2: Unknown cover type: 0x1.
Jul 26 22:25 : player: played "rock/Yae Miko _ Yelan - João E Maria (Chico Buarque) _ AI PT-BR Cover(M4A_128K).m4a"
Jul 26 22:28 : ffmpeg/mov,mp4,m4a,3gp,3g2,mj2: Unknown cover type: 0x1.
Jul 26 22:28 : player: played "rock/Yae Miko _ Yelan - João E Maria (Chico Buarque) _ AI PT-BR Cover(M4A_128K).m4a"
Jul 26 22:31 : ffmpeg/mov,mp4,m4a,3gp,3g2,mj2: Unknown cover type: 0x1.
Jul 26 22:31 : player: played "rock/Yae Miko _ Yelan - João E Maria (Chico Buarque) _ AI PT-BR Cover(M4A_128K).m4a"
Jul 26 22:35 : output: Failed to play on "pulse audio" (pulse): suspended
Jul 26 22:35 : ffmpeg/mov,mp4,m4a,3gp,3g2,mj2: Unknown cover type: 0x1.
Jul 26 22:35 : player: played "rock/Yae Miko _ Yelan - João E Maria (Chico Buarque) _ AI PT-BR Cover(M4A_128K).m4a"
Jul 26 22:35 : output: Failed to play on "pulse audio" (pulse): suspended
Jul 26 22:40 : ffmpeg/mov,mp4,m4a,3gp,3g2,mj2: Unknown cover type: 0x1.
Jul 26 22:40 : player: played "rock/Yae Miko _ Yelan - João E Maria (Chico Buarque) _ AI PT-BR Cover(M4A_128K).m4a"
Jul 26 22:41 : output: Failed to play on "pulse audio" (pulse): suspended
Jul 26 22:45 : ffmpeg/mov,mp4,m4a,3gp,3g2,mj2: Unknown cover type: 0x1.
Jul 26 22:45 : player: played "rock/Yae Miko _ Yelan - João E Maria (Chico Buarque) _ AI PT-BR Cover(M4A_128K).m4a"
Jul 26 22:46 : ffmpeg/mov,mp4,m4a,3gp,3g2,mj2: Unknown cover type: 0x1.
Jul 26 22:46 : ffmpeg/mov,mp4,m4a,3gp,3g2,mj2: Unknown cover type: 0x1.
Jul 26 22:46 : ffmpeg/mov,mp4,m4a,3gp,3g2,mj2: Unknown cover type: 0x1.
Jul 26 22:47 : output: Failed to play on "pulse audio" (pulse): suspended
Jul 26 22:48 : ffmpeg/mov,mp4,m4a,3gp,3g2,mj2: Unknown cover type: 0x1.
Jul 26 22:49 : ffmpeg/mov,mp4,m4a,3gp,3g2,mj2: Unknown cover type: 0x1.
Jul 26 22:54 : ffmpeg/mov,mp4,m4a,3gp,3g2,mj2: Unknown cover type: 0x1.
Jul 26 22:54 : player: played "pagode/Sorriso Maroto - Faz Assim_A primeira namorada_Não tem perdão [DVD Sorriso 15 Anos](M4A_128K).m4a"
Jul 26 23:00 : ffmpeg/mov,mp4,m4a,3gp,3g2,mj2: Unknown cover type: 0x1.
Jul 26 23:00 : player: played "pagode/Sorriso Maroto - Faz Assim_A primeira namorada_Não tem perdão [DVD Sorriso 15 Anos](M4A_128K).m4a"
Jul 26 23:06 : ffmpeg/mov,mp4,m4a,3gp,3g2,mj2: Unknown cover type: 0x1.
Jul 26 23:06 : player: played "pagode/Sorriso Maroto - Faz Assim_A primeira namorada_Não tem perdão [DVD Sorriso 15 Anos](M4A_128K).m4a"
Jul 26 23:11 : ffmpeg/mov,mp4,m4a,3gp,3g2,mj2: Unknown cover type: 0x1.
Jul 26 23:11 : player: played "pagode/Sorriso Maroto - Faz Assim_A primeira namorada_Não tem perdão [DVD Sorriso 15 Anos](M4A_128K).m4a"
Jul 26 23:17 : ffmpeg/mov,mp4,m4a,3gp,3g2,mj2: Unknown cover type: 0x1.
Jul 26 23:17 : player: played "pagode/Sorriso Maroto - Faz Assim_A primeira namorada_Não tem perdão [DVD Sorriso 15 Anos](M4A_128K).m4a"
Jul 26 23:20 : output: Failed to play on "pulse audio" (pulse): suspended
Jul 26 23:22 : ffmpeg/mov,mp4,m4a,3gp,3g2,mj2: Unknown cover type: 0x1.
Jul 26 23:25 : ffmpeg/mov,mp4,m4a,3gp,3g2,mj2: Unknown cover type: 0x1.
Jul 26 23:25 : player: played "rock/Yae Miko _ Yelan - João E Maria (Chico Buarque) _ AI PT-BR Cover(M4A_128K).m4a"
Jul 26 23:28 : ffmpeg/mov,mp4,m4a,3gp,3g2,mj2: Unknown cover type: 0x1.
Jul 26 23:29 : player: played "rock/Yae Miko _ Yelan - João E Maria (Chico Buarque) _ AI PT-BR Cover(M4A_128K).m4a"
Jul 26 23:32 : ffmpeg/mov,mp4,m4a,3gp,3g2,mj2: Unknown cover type: 0x1.
Jul 26 23:32 : player: played "rock/Yae Miko _ Yelan - João E Maria (Chico Buarque) _ AI PT-BR Cover(M4A_128K).m4a"
Jul 26 23:35 : ffmpeg/mov,mp4,m4a,3gp,3g2,mj2: Unknown cover type: 0x1.
Jul 26 23:35 : player: played "rock/Yae Miko _ Yelan - João E Maria (Chico Buarque) _ AI PT-BR Cover(M4A_128K).m4a"
Jul 26 23:39 : ffmpeg/mov,mp4,m4a,3gp,3g2,mj2: Unknown cover type: 0x1.
Jul 26 23:39 : player: played "rock/Yae Miko _ Yelan - João E Maria (Chico Buarque) _ AI PT-BR Cover(M4A_128K).m4a"
Jul 26 23:42 : ffmpeg/mov,mp4,m4a,3gp,3g2,mj2: Unknown cover type: 0x1.
Jul 26 23:42 : player: played "rock/Yae Miko _ Yelan - João E Maria (Chico Buarque) _ AI PT-BR Cover(M4A_128K).m4a"
Jul 26 23:45 : ffmpeg/mov,mp4,m4a,3gp,3g2,mj2: Unknown cover type: 0x1.
Jul 26 23:46 : player: played "rock/Yae Miko _ Yelan - João E Maria (Chico Buarque) _ AI PT-BR Cover(M4A_128K).m4a"
Jul 26 23:49 : ffmpeg/mov,mp4,m4a,3gp,3g2,mj2: Unknown cover type: 0x1.
Jul 26 23:49 : player: played "rock/Yae Miko _ Yelan - João E Maria (Chico Buarque) _ AI PT-BR Cover(M4A_128K).m4a"
Jul 26 23:52 : ffmpeg/mov,mp4,m4a,3gp,3g2,mj2: Unknown cover type: 0x1.
Jul 26 23:56 : ffmpeg/mov,mp4,m4a,3gp,3g2,mj2: Unknown cover type: 0x1.
Jul 26 23:56 : player: played "pagode/Belo - Perfume (Ao Vivo)(M4A_128K).m4a"
Jul 27 00:00 : ffmpeg/mov,mp4,m4a,3gp,3g2,mj2: Unknown cover type: 0x1.
Jul 27 00:00 : player: played "pagode/Belo - Perfume (Ao Vivo)(M4A_128K).m4a"
Jul 27 00:03 : ffmpeg/mov,mp4,m4a,3gp,3g2,mj2: Unknown cover type: 0x1.
Jul 27 00:04 : player: played "pagode/Belo - Perfume (Ao Vivo)(M4A_128K).m4a"
Jul 27 00:07 : ffmpeg/mov,mp4,m4a,3gp,3g2,mj2: Unknown cover type: 0x1.
Jul 27 00:07 : player: played "pagode/Belo - Perfume (Ao Vivo)(M4A_128K).m4a"
Jul 27 01:53 : ffmpeg/mov,mp4,m4a,3gp,3g2,mj2: Unknown cover type: 0x1.
Jul 27 01:54 : ffmpeg/mov,mp4,m4a,3gp,3g2,mj2: Unknown cover type: 0x1.
Jul 27 01:55 : player: played "pagode/Belo - Perfume (Ao Vivo)(M4A_128K).m4a"
Jul 27 01:58 : ffmpeg/mov,mp4,m4a,3gp,3g2,mj2: Unknown cover type: 0x1.
Jul 27 01:58 : player: played "pagode/Belo - Perfume (Ao Vivo)(M4A_128K).m4a"
Jul 27 02:02 : ffmpeg/mov,mp4,m4a,3gp,3g2,mj2: Unknown cover type: 0x1.
Jul 27 02:02 : player: played "pagode/Belo - Perfume (Ao Vivo)(M4A_128K).m4a"
Jul 27 02:06 : ffmpeg/mov,mp4,m4a,3gp,3g2,mj2: Unknown cover type: 0x1.
Jul 27 02:06 : player: played "pagode/Belo - Perfume (Ao Vivo)(M4A_128K).m4a"
Jul 27 02:10 : ffmpeg/mov,mp4,m4a,3gp,3g2,mj2: Unknown cover type: 0x1.
Jul 27 02:10 : player: played "pagode/Belo - Perfume (Ao Vivo)(M4A_128K).m4a"
Jul 27 02:13 : player: played "pagode/Belo - Perfume (Ao Vivo)(M4A_128K).m4a"
Jul 27 02:13 : ffmpeg/mov,mp4,m4a,3gp,3g2,mj2: Unknown cover type: 0x1.
Jul 27 02:13 : ffmpeg/mov,mp4,m4a,3gp,3g2,mj2: Unknown cover type: 0x1.
Jul 27 04:23 : ffmpeg/mov,mp4,m4a,3gp,3g2,mj2: Unknown cover type: 0x1.
Jul 27 05:22 : ffmpeg/mov,mp4,m4a,3gp,3g2,mj2: Unknown cover type: 0x1.
Jul 27 05:28 : ffmpeg/mov,mp4,m4a,3gp,3g2,mj2: Unknown cover type: 0x1.
Jul 27 06:45 : ffmpeg/mov,mp4,m4a,3gp,3g2,mj2: Unknown cover type: 0x1.
Jul 27 08:12 : ffmpeg/mov,mp4,m4a,3gp,3g2,mj2: Unknown cover type: 0x1.
Jul 27 08:38 : ffmpeg/mov,mp4,m4a,3gp,3g2,mj2: Unknown cover type: 0x1.
Jul 27 17:55 : ffmpeg/mov,mp4,m4a,3gp,3g2,mj2: Unknown cover type: 0x1.
Jul 27 18:16 : player: played "pagode/Sorriso Maroto - Faz Assim_A primeira namorada_Não tem perdão [DVD Sorriso 15 Anos](M4A_128K).m4a"
Jul 28 01:24 : ffmpeg/mov,mp4,m4a,3gp,3g2,mj2: Unknown cover type: 0x1.
Jul 28 09:01 : ffmpeg/mov,mp4,m4a,3gp,3g2,mj2: Unknown cover type: 0x1.
Jul 28 09:04 : player: played "rock/Yae Miko _ Yelan - João E Maria (Chico Buarque) _ AI PT-BR Cover(M4A_128K).m4a"
Jul 28 09:12 : ffmpeg/mov,mp4,m4a,3gp,3g2,mj2: Unknown cover type: 0x1.
Jul 28 09:12 : player: played "pagode/Domingo _ Out Door _ Essa Tal Liberdade _ Depois do Prazer (Ao Vivo) (Ao Vivo)(M4A_128K).m4a"
Jul 28 09:17 : ffmpeg/mov,mp4,m4a,3gp,3g2,mj2: Unknown cover type: 0x1.
Jul 28 09:17 : player: played "pagode/Sorriso Maroto - Faz Assim_A primeira namorada_Não tem perdão [DVD Sorriso 15 Anos](M4A_128K).m4a"
Jul 28 09:21 : player: played "pagode/Belo - Perfume (Ao Vivo)(M4A_128K).m4a"
Jul 28 09:38 : ffmpeg/mov,mp4,m4a,3gp,3g2,mj2: Unknown cover type: 0x1.
Jul 28 09:42 : player: played "pagode/Belo - Perfume (Ao Vivo)(M4A_128K).m4a"
Jul 28 09:56 : ffmpeg/mov,mp4,m4a,3gp,3g2,mj2: Unknown cover type: 0x1.
Jul 28 09:59 : output: Failed to play on "pulse audio" (pulse): suspended
Jul 28 10:00 : player: played "pagode/Belo - Perfume (Ao Vivo)(M4A_128K).m4a"
Jul 28 12:26 : ffmpeg/mov,mp4,m4a,3gp,3g2,mj2: Unknown cover type: 0x1.
Jul 28 12:29 : player: played "rock/Yae Miko _ Yelan - João E Maria (Chico Buarque) _ AI PT-BR Cover(M4A_128K).m4a"
Jul 28 12:37 : ffmpeg/mov,mp4,m4a,3gp,3g2,mj2: Unknown cover type: 0x1.
Jul 28 12:37 : player: played "pagode/Domingo _ Out Door _ Essa Tal Liberdade _ Depois do Prazer (Ao Vivo) (Ao Vivo)(M4A_128K).m4a"
Jul 28 12:42 : ffmpeg/mov,mp4,m4a,3gp,3g2,mj2: Unknown cover type: 0x1.
Jul 28 12:42 : player: played "pagode/Sorriso Maroto - Faz Assim_A primeira namorada_Não tem perdão [DVD Sorriso 15 Anos](M4A_128K).m4a"
Jul 28 12:46 : player: played "pagode/Belo - Perfume (Ao Vivo)(M4A_128K).m4a"
Jul 28 12:48 : ffmpeg/mov,mp4,m4a,3gp,3g2,mj2: Unknown cover type: 0x1.
Jul 28 12:52 : player: played "rock/Guns N_ Roses - Welcome To The Jungle(M4A_128K).m4a"
Jul 28 12:56 : ffmpeg/mov,mp4,m4a,3gp,3g2,mj2: Unknown cover type: 0x1.
Jul 28 17:03 : player: played "rock/Guns N_ Roses - Welcome To The Jungle(M4A_128K).m4a"
Jul 28 17:03 : ffmpeg/mov,mp4,m4a,3gp,3g2,mj2: Unknown cover type: 0x1.
Jul 29 02:20 : ffmpeg/mov,mp4,m4a,3gp,3g2,mj2: Unknown cover type: 0x1.
Jul 29 02:21 : ffmpeg/mov,mp4,m4a,3gp,3g2,mj2: Unknown cover type: 0x1.
Jul 29 02:24 : ffmpeg/mov,mp4,m4a,3gp,3g2,mj2: Unknown cover type: 0x1.
Jul 29 02:24 : player: played "pagode/Dilsinho - Péssimo Negócio (DVD Terra do Nunca Ao Vivo)(M4A_128K).m4a"
Jul 29 02:28 : ffmpeg/mov,mp4,m4a,3gp,3g2,mj2: Unknown cover type: 0x1.
Jul 29 02:28 : player: played "rock/Guns N_ Roses - Welcome To The Jungle(M4A_128K).m4a"
Jul 29 02:31 : output: Failed to play on "pulse audio" (pulse): suspended
Jul 29 02:31 : ffmpeg/mov,mp4,m4a,3gp,3g2,mj2: Unknown cover type: 0x1.
Jul 29 02:35 : player: played "pagode/Belo - Perfume (Ao Vivo)(M4A_128K).m4a"
Jul 29 02:36 : player: played "pagode/Domingo _ Out Door _ Essa Tal Liberdade _ Depois do Prazer (Ao Vivo) (Ao Vivo)(M4A_128K).m4a"
Jul 29 02:44 : ffmpeg/mov,mp4,m4a,3gp,3g2,mj2: Unknown cover type: 0x1.
Jul 29 02:44 : player: played "pagode/Domingo _ Out Door _ Essa Tal Liberdade _ Depois do Prazer (Ao Vivo) (Ao Vivo)(M4A_128K).m4a"
Jul 29 02:46 : player: played "pagode/Dilsinho - Péssimo Negócio (DVD Terra do Nunca Ao Vivo)(M4A_128K).m4a"
Jul 29 02:47 : ffmpeg/mov,mp4,m4a,3gp,3g2,mj2: Unknown cover type: 0x1.
Jul 29 08:37 : player: played "pagode/Dilsinho - Péssimo Negócio (DVD Terra do Nunca Ao Vivo)(M4A_128K).m4a"
Jul 29 09:28 : ffmpeg/mov,mp4,m4a,3gp,3g2,mj2: Unknown cover type: 0x1.
Jul 30 01:07 : ffmpeg/mov,mp4,m4a,3gp,3g2,mj2: Unknown cover type: 0x1.
Jul 30 01:21 : ffmpeg/mov,mp4,m4a,3gp,3g2,mj2: Unknown cover type: 0x1.
Jul 30 01:25 : player: played "pagode/Belo - Perfume (Ao Vivo)(M4A_128K).m4a"
Jul 30 03:32 : ffmpeg/mov,mp4,m4a,3gp,3g2,mj2: Unknown cover type: 0x1.
Jul 30 03:32 : ffmpeg/mov,mp4,m4a,3gp,3g2,mj2: Unknown cover type: 0x1.
Jul 30 05:55 : ffmpeg/mov,mp4,m4a,3gp,3g2,mj2: Unknown cover type: 0x1.
Jul 30 05:56 : player: played "pagode/Dilsinho - Péssimo Negócio (DVD Terra do Nunca Ao Vivo)(M4A_128K).m4a"
Jul 30 05:59 : ffmpeg/mov,mp4,m4a,3gp,3g2,mj2: Unknown cover type: 0x1.
Jul 30 05:59 : player: played "rock/Yae Miko _ Yelan - João E Maria (Chico Buarque) _ AI PT-BR Cover(M4A_128K).m4a"
Jul 30 06:03 : ffmpeg/mov,mp4,m4a,3gp,3g2,mj2: Unknown cover type: 0x1.
Jul 30 06:04 : player: played "rock/Guns N_ Roses - Welcome To The Jungle(M4A_128K).m4a"
Jul 30 06:09 : ffmpeg/mov,mp4,m4a,3gp,3g2,mj2: Unknown cover type: 0x1.
Jul 30 06:09 : player: played "pagode/Sorriso Maroto - Faz Assim_A primeira namorada_Não tem perdão [DVD Sorriso 15 Anos](M4A_128K).m4a"
Jul 30 06:16 : ffmpeg/mov,mp4,m4a,3gp,3g2,mj2: Unknown cover type: 0x1.
Jul 30 06:17 : player: played "pagode/Mumuzinho - Mande Um Sinal _ Calma _ Dom De Sonhar(M4A_128K).m4a"
Jul 30 06:20 : player: played "pagode/Belo - Perfume (Ao Vivo)(M4A_128K).m4a"
Jul 30 08:43 : ffmpeg/mov,mp4,m4a,3gp,3g2,mj2: Unknown cover type: 0x1.
Jul 30 08:46 : ffmpeg/mov,mp4,m4a,3gp,3g2,mj2: Unknown cover type: 0x1.
Jul 30 08:46 : player: played "pagode/Dilsinho - Péssimo Negócio (DVD Terra do Nunca Ao Vivo)(M4A_128K).m4a"
Jul 30 08:51 : ffmpeg/mov,mp4,m4a,3gp,3g2,mj2: Unknown cover type: 0x1.
Jul 30 08:51 : player: played "rock/Guns N_ Roses - Welcome To The Jungle(M4A_128K).m4a"
Jul 30 08:56 : ffmpeg/mov,mp4,m4a,3gp,3g2,mj2: Unknown cover type: 0x1.
Jul 30 08:57 : player: played "pagode/Sorriso Maroto - Faz Assim_A primeira namorada_Não tem perdão [DVD Sorriso 15 Anos](M4A_128K).m4a"
Jul 30 09:01 : ffmpeg/mov,mp4,m4a,3gp,3g2,mj2: Unknown cover type: 0x1.
Jul 30 09:01 : player: played "pagode/Grupo Revelação - Tá Escrito (Ao Vivo no Morro)(M4A_128K).m4a"
Jul 30 09:04 : player: played "rock/Yae Miko _ Yelan - João E Maria (Chico Buarque) _ AI PT-BR Cover(M4A_128K).m4a"
Jul 30 09:12 : ffmpeg/mov,mp4,m4a,3gp,3g2,mj2: Unknown cover type: 0x1.
Jul 30 09:12 : player: played "pagode/Domingo _ Out Door _ Essa Tal Liberdade _ Depois do Prazer (Ao Vivo) (Ao Vivo)(M4A_128K).m4a"
Jul 30 09:16 : ffmpeg/mov,mp4,m4a,3gp,3g2,mj2: Unknown cover type: 0x1.
Jul 30 09:16 : player: played "pagode/Belo - Perfume (Ao Vivo)(M4A_128K).m4a"
Jul 30 09:23 : player: played "pagode/Mumuzinho - Mande Um Sinal _ Calma _ Dom De Sonhar(M4A_128K).m4a"
Jul 31 02:40 : ffmpeg/mov,mp4,m4a,3gp,3g2,mj2: Unknown cover type: 0x1.
Jul 31 02:43 : ffmpeg/mov,mp4,m4a,3gp,3g2,mj2: Unknown cover type: 0x1.
Jul 31 02:43 : player: played "rock/Yae Miko _ Yelan - João E Maria (Chico Buarque) _ AI PT-BR Cover(M4A_128K).m4a"
Jul 31 02:47 : ffmpeg/mov,mp4,m4a,3gp,3g2,mj2: Unknown cover type: 0x1.
Jul 31 02:48 : player: played "pagode/Grupo Revelação - Tá Escrito (Ao Vivo no Morro)(M4A_128K).m4a"
Jul 31 02:55 : ffmpeg/mov,mp4,m4a,3gp,3g2,mj2: Unknown cover type: 0x1.
Jul 31 02:55 : player: played "pagode/Mumuzinho - Mande Um Sinal _ Calma _ Dom De Sonhar(M4A_128K).m4a"
Jul 31 02:58 : ffmpeg/mov,mp4,m4a,3gp,3g2,mj2: Unknown cover type: 0x1.
Jul 31 02:58 : player: played "pagode/Dilsinho - Péssimo Negócio (DVD Terra do Nunca Ao Vivo)(M4A_128K).m4a"
Jul 31 03:04 : player: played "pagode/Sorriso Maroto - Faz Assim_A primeira namorada_Não tem perdão [DVD Sorriso 15 Anos](M4A_128K).m4a"
Jul 31 03:11 : ffmpeg/mov,mp4,m4a,3gp,3g2,mj2: Unknown cover type: 0x1.
Jul 31 03:12 : player: played "pagode/Domingo _ Out Door _ Essa Tal Liberdade _ Depois do Prazer (Ao Vivo) (Ao Vivo)(M4A_128K).m4a"
Jul 31 03:15 : ffmpeg/mov,mp4,m4a,3gp,3g2,mj2: Unknown cover type: 0x1.
Jul 31 03:15 : player: played "pagode/Belo - Perfume (Ao Vivo)(M4A_128K).m4a"
Jul 31 03:20 : player: played "rock/Guns N_ Roses - Welcome To The Jungle(M4A_128K).m4a"
